#
# There is insufficient memory for the Java Runtime Environment to continue.
# Native memory allocation (mmap) failed to map 180355072 bytes for G1 virtual space
# Possible reasons:
#   The system is out of physical RAM or swap space
#   The process is running with CompressedOops enabled, and the Java Heap may be blocking the growth of the native heap
# Possible solutions:
#   Reduce memory load on the system
#   Increase physical memory or swap space
#   Check if swap backing store is full
#   Decrease Java heap size (-Xmx/-Xms)
#   Decrease number of Java threads
#   Decrease Java thread stack sizes (-Xss)
#   Set larger code cache with -XX:ReservedCodeCacheSize=
#   JVM is running with Unscaled Compressed Oops mode in which the Java heap is
#     placed in the first 4GB address space. The Java Heap base address is the
#     maximum limit for the native heap growth. Please use -XX:HeapBaseMinAddress
#     to set the Java Heap base and to place the Java Heap above 4GB virtual address.
# This output file may be truncated or incomplete.
#
#  Out of Memory Error (os_windows.cpp:3769), pid=9600, tid=20952
#
# JRE version: OpenJDK Runtime Environment (17.0.6) (build 17.0.6+0-b2043.56-10027231)
# Java VM: OpenJDK 64-Bit Server VM (17.0.6+0-b2043.56-10027231, mixed mode, tiered, compressed oops, compressed class ptrs, g1 gc, windows-amd64)
# No core dump will be written. Minidumps are not enabled by default on client versions of Windows
#

---------------  S U M M A R Y ------------

Command Line: --add-opens=java.base/java.util=ALL-UNNAMED --add-opens=java.base/java.lang=ALL-UNNAMED --add-opens=java.base/java.lang.invoke=ALL-UNNAMED --add-opens=java.prefs/java.util.prefs=ALL-UNNAMED --add-opens=java.base/java.nio.charset=ALL-UNNAMED --add-opens=java.base/java.net=ALL-UNNAMED --add-opens=java.base/java.util.concurrent.atomic=ALL-UNNAMED -Xmx2048m -Dfile.encoding=UTF-8 -Duser.country=ES -Duser.language=es -Duser.variant org.gradle.launcher.daemon.bootstrap.GradleDaemon 8.0

Host: Intel(R) Core(TM) i5-10210U CPU @ 1.60GHz, 8 cores, 7G,  Windows 11 , 64 bit Build 22621 (10.0.22621.2428)
Time: Wed Nov 15 08:39:58 2023 Hora estándar romance elapsed time: 40.473586 seconds (0d 0h 0m 40s)

---------------  T H R E A D  ---------------

Current thread (0x0000026fe42fc650):  VMThread "VM Thread" [stack: 0x000000ca4b700000,0x000000ca4b800000] [id=20952]

Stack: [0x000000ca4b700000,0x000000ca4b800000]
Native frames: (J=compiled Java code, j=interpreted, Vv=VM code, C=native code)
V  [jvm.dll+0x683c9a]
V  [jvm.dll+0x8427a4]
V  [jvm.dll+0x843f9e]
V  [jvm.dll+0x844603]
V  [jvm.dll+0x249b75]
V  [jvm.dll+0x680b69]
V  [jvm.dll+0x67505a]
V  [jvm.dll+0x309acb]
V  [jvm.dll+0x310f86]
V  [jvm.dll+0x3608ee]
V  [jvm.dll+0x360b1f]
V  [jvm.dll+0x2dfbf8]
V  [jvm.dll+0x2ddec4]
V  [jvm.dll+0x2dd4cc]
V  [jvm.dll+0x322261]
V  [jvm.dll+0x848ccb]
V  [jvm.dll+0x849a04]
V  [jvm.dll+0x849f1d]
V  [jvm.dll+0x84a2f4]
V  [jvm.dll+0x84a3c0]
V  [jvm.dll+0x7f274a]
V  [jvm.dll+0x682ad5]
C  [ucrtbase.dll+0x29363]
C  [KERNEL32.DLL+0x1257d]
C  [ntdll.dll+0x5aa78]

VM_Operation (0x000000ca4cef1dd0): G1TryInitiateConcMark, mode: safepoint, requested by thread 0x0000026fe75c7c80


---------------  P R O C E S S  ---------------

Threads class SMR info:
_java_thread_list=0x0000026ff2e3e750, length=125, elements={
0x0000026fc8518310, 0x0000026fe42feb60, 0x0000026fe42ff9d0, 0x0000026fe4c35fb0,
0x0000026fe4c36a70, 0x0000026fe4c39530, 0x0000026fe4c39ee0, 0x0000026fe4c3abc0,
0x0000026fe4c47590, 0x0000026fe4c62740, 0x0000026fe4dad1c0, 0x0000026fe4dba240,
0x0000026fe68e4840, 0x0000026fe74e1210, 0x0000026fe63103e0, 0x0000026fe74db040,
0x0000026fe776fe00, 0x0000026fe75c77b0, 0x0000026fe75c7c80, 0x0000026fe74defa0,
0x0000026fe74dbab0, 0x0000026fe74dc920, 0x0000026fe74ddc60, 0x0000026fe74dcdf0,
0x0000026fe74dbf80, 0x0000026fe74db5e0, 0x0000026fe74de600, 0x0000026fe74dc450,
0x0000026fe74dd790, 0x0000026fe74dd2c0, 0x0000026fe74de130, 0x0000026fe7bf47a0,
0x0000026fe7bf4c70, 0x0000026fe7bf72f0, 0x0000026fe7bf5ae0, 0x0000026fe7bf5610,
0x0000026fe7bfacb0, 0x0000026fe7bf5140, 0x0000026fe7bf5fb0, 0x0000026fe7bfa310,
0x0000026fe7bf8630, 0x0000026fe7bf77c0, 0x0000026fe814f4c0, 0x0000026fe8150800,
0x0000026fe8149480, 0x0000026fe8149950, 0x0000026fe814a2f0, 0x0000026fe814a7c0,
0x0000026fe814b160, 0x0000026fe81ad6e0, 0x0000026fe81ae080, 0x0000026fe81b23e0,
0x0000026fe81ac870, 0x0000026fe81b0230, 0x0000026fe81ae550, 0x0000026fe81abed0,
0x0000026fe81aeef0, 0x0000026fe81aea20, 0x0000026fe81adbb0, 0x0000026fe81af3c0,
0x0000026fe81af890, 0x0000026fe81b28b0, 0x0000026fe81b10a0, 0x0000026fe81b0bd0,
0x0000026fe81acd40, 0x0000026fe81ad210, 0x0000026fe81aba00, 0x0000026fe81ab060,
0x0000026fe81afd60, 0x0000026fe81ab530, 0x0000026fe81b1f10, 0x0000026fe81b0700,
0x0000026fe81ac3a0, 0x0000026fe81b1a40, 0x0000026fe81b1570, 0x0000026fe81b43b0,
0x0000026fe81b4880, 0x0000026fe81b6560, 0x0000026fe81b5bc0, 0x0000026fe81b6a30,
0x0000026fe81b56f0, 0x0000026fe81b5220, 0x0000026fe81b4d50, 0x0000026fe81b6090,
0x0000026fe81b3070, 0x0000026fe81b3540, 0x0000026fe81b3a10, 0x0000026fe81b3ee0,
0x0000026fe91cd8c0, 0x0000026fe91cbbe0, 0x0000026fe91cff40, 0x0000026fe91cc580,
0x0000026fe91cca50, 0x0000026fe91cd3f0, 0x0000026fe91cdd90, 0x0000026fe91ccf20,
0x0000026fe91cb240, 0x0000026fe91ce260, 0x0000026fe91c9f00, 0x0000026fe91ce730,
0x0000026fe91cc0b0, 0x0000026fe91d1280, 0x0000026fe91cf5a0, 0x0000026fe91cec00,
0x0000026fe91ca3d0, 0x0000026fe91cb710, 0x0000026fe91cf0d0, 0x0000026fe91cfa70,
0x0000026fe91d0db0, 0x0000026fe91d0410, 0x0000026fe91d08e0, 0x0000026fe91c9a30,
0x0000026fe91ca8a0, 0x0000026fe91cad70, 0x0000026fec3e7f70, 0x0000026fec3e7aa0,
0x0000026fec3e45b0, 0x0000026fec3e4a80, 0x0000026fec3e4f50, 0x0000026fec3e75d0,
0x0000026fec3e5420, 0x0000026fec3e5dc0, 0x0000026fec3e58f0, 0x0000026fec3e6760,
0x0000026fec3e6290
}

Java Threads: ( => current thread )
  0x0000026fc8518310 JavaThread "main" [_thread_blocked, id=8100, stack(0x000000ca4b100000,0x000000ca4b200000)]
  0x0000026fe42feb60 JavaThread "Reference Handler" daemon [_thread_blocked, id=8672, stack(0x000000ca4b800000,0x000000ca4b900000)]
  0x0000026fe42ff9d0 JavaThread "Finalizer" daemon [_thread_blocked, id=4416, stack(0x000000ca4b900000,0x000000ca4ba00000)]
  0x0000026fe4c35fb0 JavaThread "Signal Dispatcher" daemon [_thread_blocked, id=17604, stack(0x000000ca4ba00000,0x000000ca4bb00000)]
  0x0000026fe4c36a70 JavaThread "Attach Listener" daemon [_thread_blocked, id=22160, stack(0x000000ca4bb00000,0x000000ca4bc00000)]
  0x0000026fe4c39530 JavaThread "Service Thread" daemon [_thread_blocked, id=11736, stack(0x000000ca4bc00000,0x000000ca4bd00000)]
  0x0000026fe4c39ee0 JavaThread "Monitor Deflation Thread" daemon [_thread_blocked, id=18564, stack(0x000000ca4bd00000,0x000000ca4be00000)]
  0x0000026fe4c3abc0 JavaThread "C2 CompilerThread0" daemon [_thread_blocked, id=4156, stack(0x000000ca4be00000,0x000000ca4bf00000)]
  0x0000026fe4c47590 JavaThread "C1 CompilerThread0" daemon [_thread_blocked, id=17980, stack(0x000000ca4bf00000,0x000000ca4c000000)]
  0x0000026fe4c62740 JavaThread "Sweeper thread" daemon [_thread_blocked, id=19928, stack(0x000000ca4c000000,0x000000ca4c100000)]
  0x0000026fe4dad1c0 JavaThread "Common-Cleaner" daemon [_thread_blocked, id=3772, stack(0x000000ca4c100000,0x000000ca4c200000)]
  0x0000026fe4dba240 JavaThread "Notification Thread" daemon [_thread_blocked, id=1872, stack(0x000000ca4c200000,0x000000ca4c300000)]
  0x0000026fe68e4840 JavaThread "Daemon health stats" [_thread_blocked, id=19104, stack(0x000000ca4c800000,0x000000ca4c900000)]
  0x0000026fe74e1210 JavaThread "Incoming local TCP Connector on port 63392" [_thread_in_native, id=17632, stack(0x000000ca4c900000,0x000000ca4ca00000)]
  0x0000026fe63103e0 JavaThread "Daemon periodic checks" [_thread_blocked, id=19836, stack(0x000000ca4ca00000,0x000000ca4cb00000)]
  0x0000026fe74db040 JavaThread "Daemon" [_thread_blocked, id=22668, stack(0x000000ca4cb00000,0x000000ca4cc00000)]
  0x0000026fe776fe00 JavaThread "Handler for socket connection from /127.0.0.1:63392 to /127.0.0.1:63393" [_thread_in_native, id=16984, stack(0x000000ca4cc00000,0x000000ca4cd00000)]
  0x0000026fe75c77b0 JavaThread "Cancel handler" [_thread_blocked, id=13596, stack(0x000000ca4cd00000,0x000000ca4ce00000)]
  0x0000026fe75c7c80 JavaThread "Daemon worker" [_thread_blocked, id=22976, stack(0x000000ca4ce00000,0x000000ca4cf00000)]
  0x0000026fe74defa0 JavaThread "Asynchronous log dispatcher for DefaultDaemonConnection: socket connection from /127.0.0.1:63392 to /127.0.0.1:63393" [_thread_blocked, id=5904, stack(0x000000ca4cf00000,0x000000ca4d000000)]
  0x0000026fe74dbab0 JavaThread "Stdin handler" [_thread_blocked, id=19108, stack(0x000000ca4d000000,0x000000ca4d100000)]
  0x0000026fe74dc920 JavaThread "Daemon client event forwarder" [_thread_blocked, id=12276, stack(0x000000ca4d100000,0x000000ca4d200000)]
  0x0000026fe74ddc60 JavaThread "Cache worker for journal cache (C:\Users\Alejandro\.gradle\caches\journal-1)" [_thread_blocked, id=20256, stack(0x000000ca4d600000,0x000000ca4d700000)]
  0x0000026fe74dcdf0 JavaThread "File lock request listener" [_thread_in_native, id=3880, stack(0x000000ca4d700000,0x000000ca4d800000)]
  0x0000026fe74dbf80 JavaThread "Cache worker for file hash cache (C:\Users\Alejandro\.gradle\caches\8.0\fileHashes)" [_thread_blocked, id=17876, stack(0x000000ca4d800000,0x000000ca4d900000)]
  0x0000026fe74db5e0 JavaThread "File watcher server" daemon [_thread_in_native, id=8860, stack(0x000000ca4d900000,0x000000ca4da00000)]
  0x0000026fe74de600 JavaThread "File watcher consumer" daemon [_thread_blocked, id=20180, stack(0x000000ca4da00000,0x000000ca4db00000)]
  0x0000026fe74dc450 JavaThread "jar transforms" [_thread_blocked, id=22856, stack(0x000000ca4db00000,0x000000ca4dc00000)]
  0x0000026fe74dd790 JavaThread "jar transforms Thread 2" [_thread_blocked, id=8408, stack(0x000000ca4dc00000,0x000000ca4dd00000)]
  0x0000026fe74dd2c0 JavaThread "jar transforms Thread 3" [_thread_blocked, id=19184, stack(0x000000ca4dd00000,0x000000ca4de00000)]
  0x0000026fe74de130 JavaThread "jar transforms Thread 4" [_thread_blocked, id=8436, stack(0x000000ca4de00000,0x000000ca4df00000)]
  0x0000026fe7bf47a0 JavaThread "jar transforms Thread 5" [_thread_blocked, id=19788, stack(0x000000ca4df00000,0x000000ca4e000000)]
  0x0000026fe7bf4c70 JavaThread "jar transforms Thread 6" [_thread_blocked, id=14376, stack(0x000000ca4e000000,0x000000ca4e100000)]
  0x0000026fe7bf72f0 JavaThread "jar transforms Thread 7" [_thread_blocked, id=18804, stack(0x000000ca4e100000,0x000000ca4e200000)]
  0x0000026fe7bf5ae0 JavaThread "jar transforms Thread 8" [_thread_blocked, id=12076, stack(0x000000ca4e200000,0x000000ca4e300000)]
  0x0000026fe7bf5610 JavaThread "Cache worker for checksums cache (D:\Act10IMC\.gradle\8.0\checksums)" [_thread_blocked, id=16136, stack(0x000000ca4e300000,0x000000ca4e400000)]
  0x0000026fe7bfacb0 JavaThread "Cache worker for cache directory md-rule (C:\Users\Alejandro\.gradle\caches\8.0\md-rule)" [_thread_blocked, id=19780, stack(0x000000ca4e400000,0x000000ca4e500000)]
  0x0000026fe7bf5140 JavaThread "Cache worker for file content cache (C:\Users\Alejandro\.gradle\caches\8.0\fileContent)" [_thread_blocked, id=14752, stack(0x000000ca4e500000,0x000000ca4e600000)]
  0x0000026fe7bf5fb0 JavaThread "Cache worker for file hash cache (D:\Act10IMC\.gradle\8.0\fileHashes)" [_thread_blocked, id=20948, stack(0x000000ca4e600000,0x000000ca4e700000)]
  0x0000026fe7bfa310 JavaThread "Cache worker for cache directory md-supplier (C:\Users\Alejandro\.gradle\caches\8.0\md-supplier)" [_thread_blocked, id=18072, stack(0x000000ca4e700000,0x000000ca4e800000)]
  0x0000026fe7bf8630 JavaThread "Cache worker for execution history cache (C:\Users\Alejandro\.gradle\caches\8.0\executionHistory)" [_thread_blocked, id=14908, stack(0x000000ca4e800000,0x000000ca4e900000)]
  0x0000026fe7bf77c0 JavaThread "Cache worker for kotlin-dsl (C:\Users\Alejandro\.gradle\caches\8.0\kotlin-dsl)" [_thread_blocked, id=6896, stack(0x000000ca4e900000,0x000000ca4ea00000)]
  0x0000026fe814f4c0 JavaThread "Cache worker for dependencies-accessors (D:\Act10IMC\.gradle\8.0\dependencies-accessors)" [_thread_blocked, id=19900, stack(0x000000ca4ed00000,0x000000ca4ee00000)]
  0x0000026fe8150800 JavaThread "Cache worker for Build Output Cleanup Cache (D:\Act10IMC\.gradle\buildOutputCleanup)" [_thread_blocked, id=18448, stack(0x000000ca4ee00000,0x000000ca4ef00000)]
  0x0000026fe8149480 JavaThread "Unconstrained build operations" [_thread_blocked, id=22324, stack(0x000000ca4f100000,0x000000ca4f200000)]
  0x0000026fe8149950 JavaThread "Unconstrained build operations Thread 2" [_thread_blocked, id=18424, stack(0x000000ca4f200000,0x000000ca4f300000)]
  0x0000026fe814a2f0 JavaThread "Unconstrained build operations Thread 3" [_thread_blocked, id=13916, stack(0x000000ca4f300000,0x000000ca4f400000)]
  0x0000026fe814a7c0 JavaThread "Unconstrained build operations Thread 4" [_thread_blocked, id=22592, stack(0x000000ca4f400000,0x000000ca4f500000)]
  0x0000026fe814b160 JavaThread "Unconstrained build operations Thread 5" [_thread_blocked, id=22792, stack(0x000000ca4f500000,0x000000ca4f600000)]
  0x0000026fe81ad6e0 JavaThread "Unconstrained build operations Thread 6" [_thread_blocked, id=18924, stack(0x000000ca4f600000,0x000000ca4f700000)]
  0x0000026fe81ae080 JavaThread "Unconstrained build operations Thread 7" [_thread_blocked, id=21720, stack(0x000000ca4f700000,0x000000ca4f800000)]
  0x0000026fe81b23e0 JavaThread "Unconstrained build operations Thread 8" [_thread_blocked, id=22352, stack(0x000000ca4f800000,0x000000ca4f900000)]
  0x0000026fe81ac870 JavaThread "Unconstrained build operations Thread 9" [_thread_blocked, id=18264, stack(0x000000ca4f900000,0x000000ca4fa00000)]
  0x0000026fe81b0230 JavaThread "Unconstrained build operations Thread 10" [_thread_blocked, id=16576, stack(0x000000ca4fa00000,0x000000ca4fb00000)]
  0x0000026fe81ae550 JavaThread "Unconstrained build operations Thread 11" [_thread_blocked, id=1668, stack(0x000000ca4fb00000,0x000000ca4fc00000)]
  0x0000026fe81abed0 JavaThread "Unconstrained build operations Thread 12" [_thread_blocked, id=21032, stack(0x000000ca4fc00000,0x000000ca4fd00000)]
  0x0000026fe81aeef0 JavaThread "Unconstrained build operations Thread 13" [_thread_blocked, id=19032, stack(0x000000ca4fd00000,0x000000ca4fe00000)]
  0x0000026fe81aea20 JavaThread "Unconstrained build operations Thread 14" [_thread_blocked, id=1880, stack(0x000000ca4fe00000,0x000000ca4ff00000)]
  0x0000026fe81adbb0 JavaThread "Unconstrained build operations Thread 15" [_thread_blocked, id=17124, stack(0x000000ca4ff00000,0x000000ca50000000)]
  0x0000026fe81af3c0 JavaThread "Unconstrained build operations Thread 16" [_thread_blocked, id=3900, stack(0x000000ca50000000,0x000000ca50100000)]
  0x0000026fe81af890 JavaThread "Unconstrained build operations Thread 17" [_thread_blocked, id=5680, stack(0x000000ca50100000,0x000000ca50200000)]
  0x0000026fe81b28b0 JavaThread "Unconstrained build operations Thread 18" [_thread_blocked, id=15380, stack(0x000000ca50200000,0x000000ca50300000)]
  0x0000026fe81b10a0 JavaThread "Unconstrained build operations Thread 19" [_thread_blocked, id=22004, stack(0x000000ca50300000,0x000000ca50400000)]
  0x0000026fe81b0bd0 JavaThread "Unconstrained build operations Thread 20" [_thread_blocked, id=16676, stack(0x000000ca50400000,0x000000ca50500000)]
  0x0000026fe81acd40 JavaThread "Unconstrained build operations Thread 21" [_thread_blocked, id=21256, stack(0x000000ca50500000,0x000000ca50600000)]
  0x0000026fe81ad210 JavaThread "Unconstrained build operations Thread 22" [_thread_blocked, id=10896, stack(0x000000ca50600000,0x000000ca50700000)]
  0x0000026fe81aba00 JavaThread "Unconstrained build operations Thread 23" [_thread_blocked, id=17764, stack(0x000000ca50700000,0x000000ca50800000)]
  0x0000026fe81ab060 JavaThread "Unconstrained build operations Thread 24" [_thread_blocked, id=23416, stack(0x000000ca50800000,0x000000ca50900000)]
  0x0000026fe81afd60 JavaThread "Unconstrained build operations Thread 25" [_thread_blocked, id=23112, stack(0x000000ca50900000,0x000000ca50a00000)]
  0x0000026fe81ab530 JavaThread "Unconstrained build operations Thread 26" [_thread_blocked, id=23484, stack(0x000000ca50a00000,0x000000ca50b00000)]
  0x0000026fe81b1f10 JavaThread "Unconstrained build operations Thread 27" [_thread_blocked, id=23504, stack(0x000000ca50b00000,0x000000ca50c00000)]
  0x0000026fe81b0700 JavaThread "Unconstrained build operations Thread 28" [_thread_blocked, id=2776, stack(0x000000ca50c00000,0x000000ca50d00000)]
  0x0000026fe81ac3a0 JavaThread "Unconstrained build operations Thread 29" [_thread_blocked, id=20080, stack(0x000000ca50d00000,0x000000ca50e00000)]
  0x0000026fe81b1a40 JavaThread "Unconstrained build operations Thread 30" [_thread_blocked, id=23276, stack(0x000000ca50e00000,0x000000ca50f00000)]
  0x0000026fe81b1570 JavaThread "Unconstrained build operations Thread 31" [_thread_blocked, id=23164, stack(0x000000ca50f00000,0x000000ca51000000)]
  0x0000026fe81b43b0 JavaThread "Unconstrained build operations Thread 32" [_thread_blocked, id=20640, stack(0x000000ca51000000,0x000000ca51100000)]
  0x0000026fe81b4880 JavaThread "Unconstrained build operations Thread 33" [_thread_blocked, id=3328, stack(0x000000ca51100000,0x000000ca51200000)]
  0x0000026fe81b6560 JavaThread "Unconstrained build operations Thread 34" [_thread_blocked, id=7392, stack(0x000000ca51200000,0x000000ca51300000)]
  0x0000026fe81b5bc0 JavaThread "Unconstrained build operations Thread 35" [_thread_blocked, id=11220, stack(0x000000ca51300000,0x000000ca51400000)]
  0x0000026fe81b6a30 JavaThread "Unconstrained build operations Thread 36" [_thread_blocked, id=16976, stack(0x000000ca51400000,0x000000ca51500000)]
  0x0000026fe81b56f0 JavaThread "Unconstrained build operations Thread 37" [_thread_blocked, id=9324, stack(0x000000ca51500000,0x000000ca51600000)]
  0x0000026fe81b5220 JavaThread "Unconstrained build operations Thread 38" [_thread_blocked, id=7036, stack(0x000000ca51600000,0x000000ca51700000)]
  0x0000026fe81b4d50 JavaThread "Unconstrained build operations Thread 39" [_thread_blocked, id=22192, stack(0x000000ca51700000,0x000000ca51800000)]
  0x0000026fe81b6090 JavaThread "Unconstrained build operations Thread 40" [_thread_blocked, id=23408, stack(0x000000ca51800000,0x000000ca51900000)]
  0x0000026fe81b3070 JavaThread "Unconstrained build operations Thread 41" [_thread_blocked, id=17024, stack(0x000000ca51900000,0x000000ca51a00000)]
  0x0000026fe81b3540 JavaThread "Unconstrained build operations Thread 42" [_thread_blocked, id=19720, stack(0x000000ca51a00000,0x000000ca51b00000)]
  0x0000026fe81b3a10 JavaThread "Unconstrained build operations Thread 43" [_thread_blocked, id=16596, stack(0x000000ca51b00000,0x000000ca51c00000)]
  0x0000026fe81b3ee0 JavaThread "Unconstrained build operations Thread 44" [_thread_blocked, id=18668, stack(0x000000ca51c00000,0x000000ca51d00000)]
  0x0000026fe91cd8c0 JavaThread "Unconstrained build operations Thread 45" [_thread_blocked, id=11928, stack(0x000000ca51d00000,0x000000ca51e00000)]
  0x0000026fe91cbbe0 JavaThread "Unconstrained build operations Thread 46" [_thread_blocked, id=21024, stack(0x000000ca51e00000,0x000000ca51f00000)]
  0x0000026fe91cff40 JavaThread "Unconstrained build operations Thread 47" [_thread_blocked, id=6812, stack(0x000000ca51f00000,0x000000ca52000000)]
  0x0000026fe91cc580 JavaThread "Unconstrained build operations Thread 48" [_thread_blocked, id=21980, stack(0x000000ca52000000,0x000000ca52100000)]
  0x0000026fe91cca50 JavaThread "Unconstrained build operations Thread 49" [_thread_blocked, id=10856, stack(0x000000ca52100000,0x000000ca52200000)]
  0x0000026fe91cd3f0 JavaThread "Unconstrained build operations Thread 50" [_thread_blocked, id=23224, stack(0x000000ca52200000,0x000000ca52300000)]
  0x0000026fe91cdd90 JavaThread "Unconstrained build operations Thread 51" [_thread_blocked, id=8608, stack(0x000000ca52300000,0x000000ca52400000)]
  0x0000026fe91ccf20 JavaThread "Unconstrained build operations Thread 52" [_thread_blocked, id=9240, stack(0x000000ca52400000,0x000000ca52500000)]
  0x0000026fe91cb240 JavaThread "Unconstrained build operations Thread 53" [_thread_blocked, id=23372, stack(0x000000ca52500000,0x000000ca52600000)]
  0x0000026fe91ce260 JavaThread "Unconstrained build operations Thread 54" [_thread_blocked, id=2528, stack(0x000000ca52600000,0x000000ca52700000)]
  0x0000026fe91c9f00 JavaThread "Unconstrained build operations Thread 55" [_thread_blocked, id=17120, stack(0x000000ca52700000,0x000000ca52800000)]
  0x0000026fe91ce730 JavaThread "Unconstrained build operations Thread 56" [_thread_blocked, id=18408, stack(0x000000ca52800000,0x000000ca52900000)]
  0x0000026fe91cc0b0 JavaThread "Unconstrained build operations Thread 57" [_thread_blocked, id=21340, stack(0x000000ca52900000,0x000000ca52a00000)]
  0x0000026fe91d1280 JavaThread "Unconstrained build operations Thread 58" [_thread_blocked, id=12144, stack(0x000000ca52a00000,0x000000ca52b00000)]
  0x0000026fe91cf5a0 JavaThread "Unconstrained build operations Thread 59" [_thread_blocked, id=19772, stack(0x000000ca52b00000,0x000000ca52c00000)]
  0x0000026fe91cec00 JavaThread "Unconstrained build operations Thread 60" [_thread_blocked, id=11888, stack(0x000000ca52c00000,0x000000ca52d00000)]
  0x0000026fe91ca3d0 JavaThread "Unconstrained build operations Thread 61" [_thread_blocked, id=20532, stack(0x000000ca52d00000,0x000000ca52e00000)]
  0x0000026fe91cb710 JavaThread "Unconstrained build operations Thread 62" [_thread_blocked, id=10784, stack(0x000000ca52e00000,0x000000ca52f00000)]
  0x0000026fe91cf0d0 JavaThread "Unconstrained build operations Thread 63" [_thread_blocked, id=18784, stack(0x000000ca52f00000,0x000000ca53000000)]
  0x0000026fe91cfa70 JavaThread "Unconstrained build operations Thread 64" [_thread_blocked, id=16064, stack(0x000000ca53000000,0x000000ca53100000)]
  0x0000026fe91d0db0 JavaThread "Unconstrained build operations Thread 65" [_thread_blocked, id=16164, stack(0x000000ca53100000,0x000000ca53200000)]
  0x0000026fe91d0410 JavaThread "Unconstrained build operations Thread 66" [_thread_blocked, id=16000, stack(0x000000ca53200000,0x000000ca53300000)]
  0x0000026fe91d08e0 JavaThread "Unconstrained build operations Thread 67" [_thread_blocked, id=10084, stack(0x000000ca53300000,0x000000ca53400000)]
  0x0000026fe91c9a30 JavaThread "Unconstrained build operations Thread 68" [_thread_blocked, id=8484, stack(0x000000ca53400000,0x000000ca53500000)]
  0x0000026fe91ca8a0 JavaThread "Unconstrained build operations Thread 69" [_thread_blocked, id=23448, stack(0x000000ca53500000,0x000000ca53600000)]
  0x0000026fe91cad70 JavaThread "Unconstrained build operations Thread 70" [_thread_blocked, id=18032, stack(0x000000ca53600000,0x000000ca53700000)]
  0x0000026fec3e7f70 JavaThread "Unconstrained build operations Thread 71" [_thread_blocked, id=18276, stack(0x000000ca53700000,0x000000ca53800000)]
  0x0000026fec3e7aa0 JavaThread "Unconstrained build operations Thread 72" [_thread_blocked, id=18088, stack(0x000000ca53800000,0x000000ca53900000)]
  0x0000026fec3e45b0 JavaThread "Unconstrained build operations Thread 73" [_thread_blocked, id=18976, stack(0x000000ca53900000,0x000000ca53a00000)]
  0x0000026fec3e4a80 JavaThread "Unconstrained build operations Thread 74" [_thread_blocked, id=10984, stack(0x000000ca53a00000,0x000000ca53b00000)]
  0x0000026fec3e4f50 JavaThread "Unconstrained build operations Thread 75" [_thread_blocked, id=22176, stack(0x000000ca53b00000,0x000000ca53c00000)]
  0x0000026fec3e75d0 JavaThread "Unconstrained build operations Thread 76" [_thread_blocked, id=15852, stack(0x000000ca53c00000,0x000000ca53d00000)]
  0x0000026fec3e5420 JavaThread "Unconstrained build operations Thread 77" [_thread_blocked, id=20968, stack(0x000000ca53d00000,0x000000ca53e00000)]
  0x0000026fec3e5dc0 JavaThread "Unconstrained build operations Thread 78" [_thread_blocked, id=6412, stack(0x000000ca53e00000,0x000000ca53f00000)]
  0x0000026fec3e58f0 JavaThread "Unconstrained build operations Thread 79" [_thread_blocked, id=11868, stack(0x000000ca53f00000,0x000000ca54000000)]
  0x0000026fec3e6760 JavaThread "Unconstrained build operations Thread 80" [_thread_blocked, id=15924, stack(0x000000ca54000000,0x000000ca54100000)]
  0x0000026fec3e6290 JavaThread "Memory manager" [_thread_blocked, id=17948, stack(0x000000ca54100000,0x000000ca54200000)]

Other Threads:
=>0x0000026fe42fc650 VMThread "VM Thread" [stack: 0x000000ca4b700000,0x000000ca4b800000] [id=20952]
  0x0000026fe4299b20 WatcherThread [stack: 0x000000ca4c300000,0x000000ca4c400000] [id=23128]
  0x0000026fc85754a0 GCTaskThread "GC Thread#0" [stack: 0x000000ca4b200000,0x000000ca4b300000] [id=23324]
  0x0000026fe4f80370 GCTaskThread "GC Thread#1" [stack: 0x000000ca4c400000,0x000000ca4c500000] [id=4696]
  0x0000026fe4f80620 GCTaskThread "GC Thread#2" [stack: 0x000000ca4c500000,0x000000ca4c600000] [id=3476]
  0x0000026fe5b68bc0 GCTaskThread "GC Thread#3" [stack: 0x000000ca4c600000,0x000000ca4c700000] [id=15828]
  0x0000026fe5e88030 GCTaskThread "GC Thread#4" [stack: 0x000000ca4c700000,0x000000ca4c800000] [id=21300]
  0x0000026fe75a4cb0 GCTaskThread "GC Thread#5" [stack: 0x000000ca4d200000,0x000000ca4d300000] [id=12224]
  0x0000026fe7651600 GCTaskThread "GC Thread#6" [stack: 0x000000ca4d300000,0x000000ca4d400000] [id=18024]
  0x0000026fe75975c0 GCTaskThread "GC Thread#7" [stack: 0x000000ca4d400000,0x000000ca4d500000] [id=7028]
  0x0000026fc85863e0 ConcurrentGCThread "G1 Main Marker" [stack: 0x000000ca4b300000,0x000000ca4b400000] [id=7300]
  0x0000026fc8587590 ConcurrentGCThread "G1 Conc#0" [stack: 0x000000ca4b400000,0x000000ca4b500000] [id=20300]
  0x0000026fe760ca50 ConcurrentGCThread "G1 Conc#1" [stack: 0x000000ca4d500000,0x000000ca4d600000] [id=6952]
  0x0000026fe41624c0 ConcurrentGCThread "G1 Refine#0" [stack: 0x000000ca4b500000,0x000000ca4b600000] [id=22868]
  0x0000026fe67dad80 ConcurrentGCThread "G1 Refine#1" [stack: 0x000000ca4ea00000,0x000000ca4eb00000] [id=1048]
  0x0000026fe5aafb30 ConcurrentGCThread "G1 Refine#2" [stack: 0x000000ca4eb00000,0x000000ca4ec00000] [id=4224]
  0x0000026fe5aaf570 ConcurrentGCThread "G1 Refine#3" [stack: 0x000000ca4ec00000,0x000000ca4ed00000] [id=7000]
  0x0000026fe4162ee0 ConcurrentGCThread "G1 Service" [stack: 0x000000ca4b600000,0x000000ca4b700000] [id=9392]

Threads with active compile tasks:
C2 CompilerThread0    40585 11316       4       java.util.jar.Manifest$FastInputStream::readLine (296 bytes)

VM state: at safepoint (normal execution)

VM Mutex/Monitor currently owned by a thread:  ([mutex/lock_event])
[0x0000026fc8514350] Threads_lock - owner thread: 0x0000026fe42fc650
[0x0000026fc8512df0] Heap_lock - owner thread: 0x0000026fe75c7c80

Heap address: 0x0000000080000000, size: 2048 MB, Compressed Oops mode: 32-bit

CDS archive(s) not mapped
Compressed class space mapped at: 0x0000000100000000-0x0000000140000000, reserved size: 1073741824
Narrow klass base: 0x0000000000000000, Narrow klass shift: 3, Narrow klass range: 0x140000000

GC Precious Log:
 CPUs: 8 total, 8 available
 Memory: 8025M
 Large Page Support: Disabled
 NUMA Support: Disabled
 Compressed Oops: Enabled (32-bit)
 Heap Region Size: 1M
 Heap Min Capacity: 8M
 Heap Initial Capacity: 126M
 Heap Max Capacity: 2G
 Pre-touch: Disabled
 Parallel Workers: 8
 Concurrent Workers: 2
 Concurrent Refinement Workers: 8
 Periodic GC: Disabled

Heap:
 garbage-first heap   total 232448K, used 141879K [0x0000000080000000, 0x0000000100000000)
  region size 1024K, 2 young (2048K), 2 survivors (2048K)
 Metaspace       used 125977K, committed 126720K, reserved 1163264K
  class space    used 16274K, committed 16576K, reserved 1048576K

Heap Regions: E=young(eden), S=young(survivor), O=old, HS=humongous(starts), HC=humongous(continues), CS=collection set, F=free, OA=open archive, CA=closed archive, TAMS=top-at-mark-start (previous, next)
|   0|0x0000000080000000, 0x0000000080100000, 0x0000000080100000|100%|HS|  |TAMS 0x0000000080100000, 0x0000000080100000| Complete 
|   1|0x0000000080100000, 0x0000000080200000, 0x0000000080200000|100%|HC|  |TAMS 0x0000000080200000, 0x0000000080200000| Complete 
|   2|0x0000000080200000, 0x0000000080300000, 0x0000000080300000|100%|HC|  |TAMS 0x0000000080300000, 0x0000000080300000| Complete 
|   3|0x0000000080300000, 0x0000000080400000, 0x0000000080400000|100%|HC|  |TAMS 0x0000000080400000, 0x0000000080400000| Complete 
|   4|0x0000000080400000, 0x0000000080500000, 0x0000000080500000|100%| O|  |TAMS 0x0000000080500000, 0x0000000080500000| Untracked 
|   5|0x0000000080500000, 0x0000000080600000, 0x0000000080600000|100%| O|  |TAMS 0x0000000080600000, 0x0000000080600000| Untracked 
|   6|0x0000000080600000, 0x0000000080700000, 0x0000000080700000|100%| O|  |TAMS 0x0000000080700000, 0x0000000080700000| Untracked 
|   7|0x0000000080700000, 0x0000000080800000, 0x0000000080800000|100%| O|  |TAMS 0x0000000080800000, 0x0000000080800000| Untracked 
|   8|0x0000000080800000, 0x0000000080900000, 0x0000000080900000|100%| O|  |TAMS 0x0000000080900000, 0x0000000080900000| Untracked 
|   9|0x0000000080900000, 0x0000000080a00000, 0x0000000080a00000|100%| O|  |TAMS 0x0000000080a00000, 0x0000000080a00000| Untracked 
|  10|0x0000000080a00000, 0x0000000080b00000, 0x0000000080b00000|100%| O|  |TAMS 0x0000000080b00000, 0x0000000080b00000| Untracked 
|  11|0x0000000080b00000, 0x0000000080c00000, 0x0000000080c00000|100%| O|  |TAMS 0x0000000080c00000, 0x0000000080c00000| Untracked 
|  12|0x0000000080c00000, 0x0000000080d00000, 0x0000000080d00000|100%| O|  |TAMS 0x0000000080d00000, 0x0000000080d00000| Untracked 
|  13|0x0000000080d00000, 0x0000000080e00000, 0x0000000080e00000|100%| O|  |TAMS 0x0000000080e00000, 0x0000000080e00000| Untracked 
|  14|0x0000000080e00000, 0x0000000080f00000, 0x0000000080f00000|100%| O|  |TAMS 0x0000000080f00000, 0x0000000080f00000| Untracked 
|  15|0x0000000080f00000, 0x0000000081000000, 0x0000000081000000|100%| O|  |TAMS 0x0000000081000000, 0x0000000081000000| Untracked 
|  16|0x0000000081000000, 0x0000000081100000, 0x0000000081100000|100%| O|  |TAMS 0x0000000081100000, 0x0000000081100000| Untracked 
|  17|0x0000000081100000, 0x0000000081200000, 0x0000000081200000|100%| O|  |TAMS 0x0000000081200000, 0x0000000081200000| Untracked 
|  18|0x0000000081200000, 0x0000000081300000, 0x0000000081300000|100%| O|  |TAMS 0x0000000081300000, 0x0000000081300000| Untracked 
|  19|0x0000000081300000, 0x0000000081400000, 0x0000000081400000|100%|HS|  |TAMS 0x0000000081400000, 0x0000000081400000| Complete 
|  20|0x0000000081400000, 0x0000000081500000, 0x0000000081500000|100%|HC|  |TAMS 0x0000000081500000, 0x0000000081500000| Complete 
|  21|0x0000000081500000, 0x0000000081600000, 0x0000000081600000|100%|HS|  |TAMS 0x0000000081600000, 0x0000000081600000| Complete 
|  22|0x0000000081600000, 0x0000000081700000, 0x0000000081700000|100%|HC|  |TAMS 0x0000000081700000, 0x0000000081700000| Complete 
|  23|0x0000000081700000, 0x0000000081800000, 0x0000000081800000|100%|HC|  |TAMS 0x0000000081800000, 0x0000000081800000| Complete 
|  24|0x0000000081800000, 0x0000000081900000, 0x0000000081900000|100%| O|  |TAMS 0x0000000081900000, 0x0000000081900000| Untracked 
|  25|0x0000000081900000, 0x0000000081a00000, 0x0000000081a00000|100%| O|  |TAMS 0x0000000081a00000, 0x0000000081a00000| Untracked 
|  26|0x0000000081a00000, 0x0000000081b00000, 0x0000000081b00000|100%| O|  |TAMS 0x0000000081b00000, 0x0000000081b00000| Untracked 
|  27|0x0000000081b00000, 0x0000000081c00000, 0x0000000081c00000|100%| O|  |TAMS 0x0000000081c00000, 0x0000000081c00000| Untracked 
|  28|0x0000000081c00000, 0x0000000081d00000, 0x0000000081d00000|100%|HS|  |TAMS 0x0000000081d00000, 0x0000000081d00000| Complete 
|  29|0x0000000081d00000, 0x0000000081e00000, 0x0000000081e00000|100%|HC|  |TAMS 0x0000000081e00000, 0x0000000081e00000| Complete 
|  30|0x0000000081e00000, 0x0000000081f00000, 0x0000000081f00000|100%|HC|  |TAMS 0x0000000081f00000, 0x0000000081f00000| Complete 
|  31|0x0000000081f00000, 0x0000000082000000, 0x0000000082000000|100%| O|  |TAMS 0x0000000082000000, 0x0000000082000000| Untracked 
|  32|0x0000000082000000, 0x0000000082100000, 0x0000000082100000|100%|HS|  |TAMS 0x0000000082100000, 0x0000000082100000| Complete 
|  33|0x0000000082100000, 0x0000000082200000, 0x0000000082200000|100%|HC|  |TAMS 0x0000000082200000, 0x0000000082200000| Complete 
|  34|0x0000000082200000, 0x0000000082300000, 0x0000000082300000|100%|HC|  |TAMS 0x0000000082300000, 0x0000000082300000| Complete 
|  35|0x0000000082300000, 0x0000000082400000, 0x0000000082400000|100%|HC|  |TAMS 0x0000000082400000, 0x0000000082400000| Complete 
|  36|0x0000000082400000, 0x0000000082500000, 0x0000000082500000|100%|HC|  |TAMS 0x0000000082500000, 0x0000000082500000| Complete 
|  37|0x0000000082500000, 0x0000000082600000, 0x0000000082600000|100%|HC|  |TAMS 0x0000000082600000, 0x0000000082600000| Complete 
|  38|0x0000000082600000, 0x0000000082700000, 0x0000000082700000|100%|HC|  |TAMS 0x0000000082700000, 0x0000000082700000| Complete 
|  39|0x0000000082700000, 0x0000000082800000, 0x0000000082800000|100%|HC|  |TAMS 0x0000000082800000, 0x0000000082800000| Complete 
|  40|0x0000000082800000, 0x0000000082900000, 0x0000000082900000|100%|HC|  |TAMS 0x0000000082900000, 0x0000000082900000| Complete 
|  41|0x0000000082900000, 0x0000000082a00000, 0x0000000082a00000|100%|HC|  |TAMS 0x0000000082a00000, 0x0000000082a00000| Complete 
|  42|0x0000000082a00000, 0x0000000082b00000, 0x0000000082b00000|100%|HC|  |TAMS 0x0000000082b00000, 0x0000000082b00000| Complete 
|  43|0x0000000082b00000, 0x0000000082c00000, 0x0000000082c00000|100%|HC|  |TAMS 0x0000000082c00000, 0x0000000082c00000| Complete 
|  44|0x0000000082c00000, 0x0000000082d00000, 0x0000000082d00000|100%| O|  |TAMS 0x0000000082d00000, 0x0000000082d00000| Untracked 
|  45|0x0000000082d00000, 0x0000000082e00000, 0x0000000082e00000|100%|HS|  |TAMS 0x0000000082e00000, 0x0000000082e00000| Complete 
|  46|0x0000000082e00000, 0x0000000082f00000, 0x0000000082f00000|100%|HC|  |TAMS 0x0000000082f00000, 0x0000000082f00000| Complete 
|  47|0x0000000082f00000, 0x0000000083000000, 0x0000000083000000|100%| O|  |TAMS 0x0000000083000000, 0x0000000083000000| Untracked 
|  48|0x0000000083000000, 0x0000000083100000, 0x0000000083100000|100%| O|  |TAMS 0x0000000083100000, 0x0000000083100000| Untracked 
|  49|0x0000000083100000, 0x0000000083200000, 0x0000000083200000|100%| O|  |TAMS 0x0000000083200000, 0x0000000083200000| Untracked 
|  50|0x0000000083200000, 0x0000000083300000, 0x0000000083300000|100%| O|  |TAMS 0x0000000083300000, 0x0000000083300000| Untracked 
|  51|0x0000000083300000, 0x0000000083400000, 0x0000000083400000|100%| O|  |TAMS 0x0000000083400000, 0x0000000083400000| Untracked 
|  52|0x0000000083400000, 0x0000000083500000, 0x0000000083500000|100%| O|  |TAMS 0x0000000083500000, 0x0000000083500000| Untracked 
|  53|0x0000000083500000, 0x0000000083600000, 0x0000000083600000|100%| O|  |TAMS 0x0000000083600000, 0x0000000083600000| Untracked 
|  54|0x0000000083600000, 0x0000000083700000, 0x0000000083700000|100%|HS|  |TAMS 0x0000000083700000, 0x0000000083700000| Complete 
|  55|0x0000000083700000, 0x0000000083800000, 0x0000000083800000|100%|HC|  |TAMS 0x0000000083800000, 0x0000000083800000| Complete 
|  56|0x0000000083800000, 0x0000000083900000, 0x0000000083900000|100%|HC|  |TAMS 0x0000000083900000, 0x0000000083900000| Complete 
|  57|0x0000000083900000, 0x0000000083a00000, 0x0000000083a00000|100%| O|  |TAMS 0x0000000083a00000, 0x0000000083a00000| Untracked 
|  58|0x0000000083a00000, 0x0000000083b00000, 0x0000000083b00000|100%| O|  |TAMS 0x0000000083b00000, 0x0000000083b00000| Untracked 
|  59|0x0000000083b00000, 0x0000000083c00000, 0x0000000083c00000|100%| O|  |TAMS 0x0000000083c00000, 0x0000000083c00000| Untracked 
|  60|0x0000000083c00000, 0x0000000083d00000, 0x0000000083d00000|100%| O|  |TAMS 0x0000000083d00000, 0x0000000083d00000| Untracked 
|  61|0x0000000083d00000, 0x0000000083e00000, 0x0000000083e00000|100%|HS|  |TAMS 0x0000000083e00000, 0x0000000083e00000| Complete 
|  62|0x0000000083e00000, 0x0000000083f00000, 0x0000000083f00000|100%|HC|  |TAMS 0x0000000083f00000, 0x0000000083f00000| Complete 
|  63|0x0000000083f00000, 0x0000000084000000, 0x0000000084000000|100%|HC|  |TAMS 0x0000000084000000, 0x0000000084000000| Complete 
|  64|0x0000000084000000, 0x0000000084100000, 0x0000000084100000|100%| O|  |TAMS 0x0000000084100000, 0x0000000084100000| Untracked 
|  65|0x0000000084100000, 0x0000000084200000, 0x0000000084200000|100%| O|  |TAMS 0x0000000084200000, 0x0000000084200000| Untracked 
|  66|0x0000000084200000, 0x0000000084300000, 0x0000000084300000|100%| O|  |TAMS 0x0000000084300000, 0x0000000084300000| Untracked 
|  67|0x0000000084300000, 0x0000000084400000, 0x0000000084400000|100%| O|  |TAMS 0x0000000084400000, 0x0000000084400000| Untracked 
|  68|0x0000000084400000, 0x0000000084500000, 0x0000000084500000|100%| O|  |TAMS 0x0000000084500000, 0x0000000084500000| Untracked 
|  69|0x0000000084500000, 0x0000000084600000, 0x0000000084600000|100%| O|  |TAMS 0x0000000084600000, 0x0000000084600000| Untracked 
|  70|0x0000000084600000, 0x0000000084700000, 0x0000000084700000|100%|HS|  |TAMS 0x0000000084700000, 0x0000000084700000| Complete 
|  71|0x0000000084700000, 0x0000000084800000, 0x0000000084800000|100%|HC|  |TAMS 0x0000000084800000, 0x0000000084800000| Complete 
|  72|0x0000000084800000, 0x0000000084900000, 0x0000000084900000|100%|HC|  |TAMS 0x0000000084900000, 0x0000000084900000| Complete 
|  73|0x0000000084900000, 0x0000000084a00000, 0x0000000084a00000|100%|HC|  |TAMS 0x0000000084a00000, 0x0000000084a00000| Complete 
|  74|0x0000000084a00000, 0x0000000084b00000, 0x0000000084b00000|100%| O|  |TAMS 0x0000000084b00000, 0x0000000084b00000| Untracked 
|  75|0x0000000084b00000, 0x0000000084c00000, 0x0000000084c00000|100%| O|  |TAMS 0x0000000084ba1a00, 0x0000000084c00000| Untracked 
|  76|0x0000000084c00000, 0x0000000084d00000, 0x0000000084d00000|100%| O|  |TAMS 0x0000000084d00000, 0x0000000084d00000| Untracked 
|  77|0x0000000084d00000, 0x0000000084e00000, 0x0000000084e00000|100%| O|  |TAMS 0x0000000084e00000, 0x0000000084e00000| Untracked 
|  78|0x0000000084e00000, 0x0000000084f00000, 0x0000000084f00000|100%| O|  |TAMS 0x0000000084f00000, 0x0000000084f00000| Untracked 
|  79|0x0000000084f00000, 0x0000000085000000, 0x0000000085000000|100%| O|  |TAMS 0x0000000085000000, 0x0000000085000000| Untracked 
|  80|0x0000000085000000, 0x0000000085100000, 0x0000000085100000|100%|HS|  |TAMS 0x0000000085100000, 0x0000000085100000| Complete 
|  81|0x0000000085100000, 0x0000000085200000, 0x0000000085200000|100%|HC|  |TAMS 0x0000000085200000, 0x0000000085200000| Complete 
|  82|0x0000000085200000, 0x0000000085300000, 0x0000000085300000|100%|HC|  |TAMS 0x0000000085300000, 0x0000000085300000| Complete 
|  83|0x0000000085300000, 0x0000000085400000, 0x0000000085400000|100%|HC|  |TAMS 0x0000000085400000, 0x0000000085400000| Complete 
|  84|0x0000000085400000, 0x0000000085500000, 0x0000000085500000|100%|HC|  |TAMS 0x0000000085500000, 0x0000000085500000| Complete 
|  85|0x0000000085500000, 0x0000000085600000, 0x0000000085600000|100%|HC|  |TAMS 0x0000000085600000, 0x0000000085600000| Complete 
|  86|0x0000000085600000, 0x0000000085700000, 0x0000000085700000|100%| O|  |TAMS 0x0000000085700000, 0x0000000085700000| Untracked 
|  87|0x0000000085700000, 0x0000000085800000, 0x0000000085800000|100%| O|  |TAMS 0x0000000085800000, 0x0000000085800000| Untracked 
|  88|0x0000000085800000, 0x0000000085900000, 0x0000000085900000|100%| O|  |TAMS 0x0000000085900000, 0x0000000085900000| Untracked 
|  89|0x0000000085900000, 0x0000000085a00000, 0x0000000085a00000|100%| O|  |TAMS 0x0000000085a00000, 0x0000000085a00000| Untracked 
|  90|0x0000000085a00000, 0x0000000085b00000, 0x0000000085b00000|100%| O|  |TAMS 0x0000000085b00000, 0x0000000085b00000| Untracked 
|  91|0x0000000085b00000, 0x0000000085c00000, 0x0000000085c00000|100%| O|  |TAMS 0x0000000085c00000, 0x0000000085c00000| Untracked 
|  92|0x0000000085c00000, 0x0000000085d00000, 0x0000000085d00000|100%| O|  |TAMS 0x0000000085d00000, 0x0000000085d00000| Untracked 
|  93|0x0000000085d00000, 0x0000000085e00000, 0x0000000085e00000|100%| O|  |TAMS 0x0000000085e00000, 0x0000000085e00000| Untracked 
|  94|0x0000000085e00000, 0x0000000085f00000, 0x0000000085f00000|100%| O|  |TAMS 0x0000000085f00000, 0x0000000085f00000| Untracked 
|  95|0x0000000085f00000, 0x0000000086000000, 0x0000000086000000|100%| O|  |TAMS 0x0000000086000000, 0x0000000086000000| Untracked 
|  96|0x0000000086000000, 0x0000000086100000, 0x0000000086100000|100%| O|  |TAMS 0x0000000086100000, 0x0000000086100000| Untracked 
|  97|0x0000000086100000, 0x0000000086200000, 0x0000000086200000|100%| O|  |TAMS 0x0000000086200000, 0x0000000086200000| Untracked 
|  98|0x0000000086200000, 0x0000000086300000, 0x0000000086300000|100%| O|  |TAMS 0x0000000086300000, 0x0000000086300000| Untracked 
|  99|0x0000000086300000, 0x0000000086400000, 0x0000000086400000|100%| O|  |TAMS 0x0000000086400000, 0x0000000086400000| Untracked 
| 100|0x0000000086400000, 0x0000000086500000, 0x0000000086500000|100%| O|  |TAMS 0x0000000086500000, 0x0000000086500000| Untracked 
| 101|0x0000000086500000, 0x0000000086600000, 0x0000000086600000|100%| O|  |TAMS 0x0000000086600000, 0x0000000086600000| Untracked 
| 102|0x0000000086600000, 0x0000000086700000, 0x0000000086700000|100%| O|  |TAMS 0x0000000086700000, 0x0000000086700000| Untracked 
| 103|0x0000000086700000, 0x0000000086700000, 0x0000000086800000|  0%| F|  |TAMS 0x0000000086700000, 0x0000000086700000| Untracked 
| 104|0x0000000086800000, 0x0000000086800000, 0x0000000086900000|  0%| F|  |TAMS 0x0000000086800000, 0x0000000086800000| Untracked 
| 105|0x0000000086900000, 0x0000000086900000, 0x0000000086a00000|  0%| F|  |TAMS 0x0000000086900000, 0x0000000086900000| Untracked 
| 106|0x0000000086a00000, 0x0000000086a00000, 0x0000000086b00000|  0%| F|  |TAMS 0x0000000086a00000, 0x0000000086a00000| Untracked 
| 107|0x0000000086b00000, 0x0000000086c00000, 0x0000000086c00000|100%| O|  |TAMS 0x0000000086c00000, 0x0000000086c00000| Untracked 
| 108|0x0000000086c00000, 0x0000000086d00000, 0x0000000086d00000|100%| O|  |TAMS 0x0000000086d00000, 0x0000000086d00000| Untracked 
| 109|0x0000000086d00000, 0x0000000086e00000, 0x0000000086e00000|100%| O|  |TAMS 0x0000000086e00000, 0x0000000086e00000| Untracked 
| 110|0x0000000086e00000, 0x0000000086f00000, 0x0000000086f00000|100%| O|  |TAMS 0x0000000086f00000, 0x0000000086f00000| Untracked 
| 111|0x0000000086f00000, 0x0000000087000000, 0x0000000087000000|100%| O|  |TAMS 0x0000000087000000, 0x0000000087000000| Untracked 
| 112|0x0000000087000000, 0x0000000087100000, 0x0000000087100000|100%|HS|  |TAMS 0x0000000087000000, 0x0000000087100000| Complete 
| 113|0x0000000087100000, 0x0000000087200000, 0x0000000087200000|100%|HS|  |TAMS 0x0000000087100000, 0x0000000087200000| Complete 
| 114|0x0000000087200000, 0x0000000087300000, 0x0000000087300000|100%|HS|  |TAMS 0x0000000087200000, 0x0000000087300000| Complete 
| 115|0x0000000087300000, 0x0000000087400000, 0x0000000087400000|100%|HC|  |TAMS 0x0000000087300000, 0x0000000087400000| Complete 
| 116|0x0000000087400000, 0x0000000087500000, 0x0000000087500000|100%|HS|  |TAMS 0x0000000087400000, 0x0000000087500000| Complete 
| 117|0x0000000087500000, 0x0000000087600000, 0x0000000087600000|100%|HS|  |TAMS 0x0000000087500000, 0x0000000087600000| Complete 
| 118|0x0000000087600000, 0x0000000087700000, 0x0000000087700000|100%|HC|  |TAMS 0x0000000087600000, 0x0000000087700000| Complete 
| 119|0x0000000087700000, 0x0000000087800000, 0x0000000087800000|100%|HC|  |TAMS 0x0000000087700000, 0x0000000087800000| Complete 
| 120|0x0000000087800000, 0x0000000087900000, 0x0000000087900000|100%|HC|  |TAMS 0x0000000087800000, 0x0000000087900000| Complete 
| 121|0x0000000087900000, 0x0000000087900000, 0x0000000087a00000|  0%| F|  |TAMS 0x0000000087900000, 0x0000000087900000| Untracked 
| 122|0x0000000087a00000, 0x0000000087b00000, 0x0000000087b00000|100%|HS|  |TAMS 0x0000000087a00000, 0x0000000087b00000| Complete 
| 123|0x0000000087b00000, 0x0000000087c00000, 0x0000000087c00000|100%| O|  |TAMS 0x0000000087b00000, 0x0000000087c00000| Untracked 
| 124|0x0000000087c00000, 0x0000000087d00000, 0x0000000087d00000|100%| O|  |TAMS 0x0000000087c00000, 0x0000000087d00000| Untracked 
| 125|0x0000000087d00000, 0x0000000087e00000, 0x0000000087e00000|100%| O|  |TAMS 0x0000000087d00000, 0x0000000087e00000| Untracked 
| 126|0x0000000087e00000, 0x0000000087f00000, 0x0000000087f00000|100%| O|  |TAMS 0x0000000087e00000, 0x0000000087f00000| Untracked 
| 127|0x0000000087f00000, 0x0000000088000000, 0x0000000088000000|100%| O|  |TAMS 0x0000000087f00000, 0x0000000088000000| Untracked 
| 128|0x0000000088000000, 0x0000000088100000, 0x0000000088100000|100%| O|  |TAMS 0x0000000088000000, 0x0000000088100000| Untracked 
| 129|0x0000000088100000, 0x0000000088200000, 0x0000000088200000|100%|HS|  |TAMS 0x0000000088100000, 0x0000000088200000| Complete 
| 130|0x0000000088200000, 0x0000000088300000, 0x0000000088300000|100%|HS|  |TAMS 0x0000000088200000, 0x0000000088300000| Complete 
| 131|0x0000000088300000, 0x0000000088400000, 0x0000000088400000|100%| O|  |TAMS 0x0000000088300000, 0x0000000088400000| Untracked 
| 132|0x0000000088400000, 0x0000000088500000, 0x0000000088500000|100%| O|  |TAMS 0x0000000088400000, 0x0000000088500000| Untracked 
| 133|0x0000000088500000, 0x0000000088600000, 0x0000000088600000|100%| O|  |TAMS 0x0000000088500000, 0x0000000088600000| Untracked 
| 134|0x0000000088600000, 0x0000000088700000, 0x0000000088700000|100%| O|  |TAMS 0x0000000088600000, 0x0000000088700000| Untracked 
| 135|0x0000000088700000, 0x0000000088800000, 0x0000000088800000|100%| O|  |TAMS 0x0000000088700000, 0x0000000088800000| Untracked 
| 136|0x0000000088800000, 0x0000000088900000, 0x0000000088900000|100%| O|  |TAMS 0x0000000088800000, 0x0000000088900000| Untracked 
| 137|0x0000000088900000, 0x0000000088a00000, 0x0000000088a00000|100%| O|  |TAMS 0x0000000088900000, 0x0000000088a00000| Untracked 
| 138|0x0000000088a00000, 0x0000000088b00000, 0x0000000088b00000|100%| O|  |TAMS 0x0000000088a00000, 0x0000000088b00000| Untracked 
| 139|0x0000000088b00000, 0x0000000088c00000, 0x0000000088c00000|100%| O|  |TAMS 0x0000000088b00000, 0x0000000088c00000| Untracked 
| 140|0x0000000088c00000, 0x0000000088c00000, 0x0000000088d00000|  0%| F|  |TAMS 0x0000000088c00000, 0x0000000088c00000| Untracked 
| 141|0x0000000088d00000, 0x0000000088d00000, 0x0000000088e00000|  0%| F|  |TAMS 0x0000000088d00000, 0x0000000088d00000| Untracked 
| 142|0x0000000088e00000, 0x0000000088e00000, 0x0000000088f00000|  0%| F|  |TAMS 0x0000000088e00000, 0x0000000088e00000| Untracked 
| 143|0x0000000088f00000, 0x0000000088f00000, 0x0000000089000000|  0%| F|  |TAMS 0x0000000088f00000, 0x0000000088f00000| Untracked 
| 144|0x0000000089000000, 0x0000000089000000, 0x0000000089100000|  0%| F|  |TAMS 0x0000000089000000, 0x0000000089000000| Untracked 
| 145|0x0000000089100000, 0x0000000089100000, 0x0000000089200000|  0%| F|  |TAMS 0x0000000089100000, 0x0000000089100000| Untracked 
| 146|0x0000000089200000, 0x0000000089200000, 0x0000000089300000|  0%| F|  |TAMS 0x0000000089200000, 0x0000000089200000| Untracked 
| 147|0x0000000089300000, 0x0000000089300000, 0x0000000089400000|  0%| F|  |TAMS 0x0000000089300000, 0x0000000089300000| Untracked 
| 148|0x0000000089400000, 0x0000000089400000, 0x0000000089500000|  0%| F|  |TAMS 0x0000000089400000, 0x0000000089400000| Untracked 
| 149|0x0000000089500000, 0x0000000089500000, 0x0000000089600000|  0%| F|  |TAMS 0x0000000089500000, 0x0000000089500000| Untracked 
| 150|0x0000000089600000, 0x0000000089700000, 0x0000000089700000|100%| O|  |TAMS 0x0000000089600000, 0x0000000089700000| Untracked 
| 151|0x0000000089700000, 0x000000008979e000, 0x0000000089800000| 61%| O|  |TAMS 0x0000000089700000, 0x000000008979e000| Untracked 
| 152|0x0000000089800000, 0x0000000089800000, 0x0000000089900000|  0%| F|  |TAMS 0x0000000089800000, 0x0000000089800000| Untracked 
| 153|0x0000000089900000, 0x0000000089900000, 0x0000000089a00000|  0%| F|  |TAMS 0x0000000089900000, 0x0000000089900000| Untracked 
| 154|0x0000000089a00000, 0x0000000089a00000, 0x0000000089b00000|  0%| F|  |TAMS 0x0000000089a00000, 0x0000000089a00000| Untracked 
| 155|0x0000000089b00000, 0x0000000089b00000, 0x0000000089c00000|  0%| F|  |TAMS 0x0000000089b00000, 0x0000000089b00000| Untracked 
| 156|0x0000000089c00000, 0x0000000089c00000, 0x0000000089d00000|  0%| F|  |TAMS 0x0000000089c00000, 0x0000000089c00000| Untracked 
| 157|0x0000000089d00000, 0x0000000089d00000, 0x0000000089e00000|  0%| F|  |TAMS 0x0000000089d00000, 0x0000000089d00000| Untracked 
| 158|0x0000000089e00000, 0x0000000089e00000, 0x0000000089f00000|  0%| F|  |TAMS 0x0000000089e00000, 0x0000000089e00000| Untracked 
| 159|0x0000000089f00000, 0x0000000089f00000, 0x000000008a000000|  0%| F|  |TAMS 0x0000000089f00000, 0x0000000089f00000| Untracked 
| 160|0x000000008a000000, 0x000000008a000000, 0x000000008a100000|  0%| F|  |TAMS 0x000000008a000000, 0x000000008a000000| Untracked 
| 161|0x000000008a100000, 0x000000008a100000, 0x000000008a200000|  0%| F|  |TAMS 0x000000008a100000, 0x000000008a100000| Untracked 
| 162|0x000000008a200000, 0x000000008a200000, 0x000000008a300000|  0%| F|  |TAMS 0x000000008a200000, 0x000000008a200000| Untracked 
| 163|0x000000008a300000, 0x000000008a300000, 0x000000008a400000|  0%| F|  |TAMS 0x000000008a300000, 0x000000008a300000| Untracked 
| 164|0x000000008a400000, 0x000000008a400000, 0x000000008a500000|  0%| F|  |TAMS 0x000000008a400000, 0x000000008a400000| Untracked 
| 165|0x000000008a500000, 0x000000008a500000, 0x000000008a600000|  0%| F|  |TAMS 0x000000008a500000, 0x000000008a500000| Untracked 
| 166|0x000000008a600000, 0x000000008a600000, 0x000000008a700000|  0%| F|  |TAMS 0x000000008a600000, 0x000000008a600000| Untracked 
| 167|0x000000008a700000, 0x000000008a700000, 0x000000008a800000|  0%| F|  |TAMS 0x000000008a700000, 0x000000008a700000| Untracked 
| 168|0x000000008a800000, 0x000000008a800000, 0x000000008a900000|  0%| F|  |TAMS 0x000000008a800000, 0x000000008a800000| Untracked 
| 169|0x000000008a900000, 0x000000008a900000, 0x000000008aa00000|  0%| F|  |TAMS 0x000000008a900000, 0x000000008a900000| Untracked 
| 170|0x000000008aa00000, 0x000000008aa00000, 0x000000008ab00000|  0%| F|  |TAMS 0x000000008aa00000, 0x000000008aa00000| Untracked 
| 171|0x000000008ab00000, 0x000000008ab00000, 0x000000008ac00000|  0%| F|  |TAMS 0x000000008ab00000, 0x000000008ab00000| Untracked 
| 172|0x000000008ac00000, 0x000000008ac00000, 0x000000008ad00000|  0%| F|  |TAMS 0x000000008ac00000, 0x000000008ac00000| Untracked 
| 173|0x000000008ad00000, 0x000000008ad00000, 0x000000008ae00000|  0%| F|  |TAMS 0x000000008ad00000, 0x000000008ad00000| Untracked 
| 174|0x000000008ae00000, 0x000000008ae00000, 0x000000008af00000|  0%| F|  |TAMS 0x000000008ae00000, 0x000000008ae00000| Untracked 
| 175|0x000000008af00000, 0x000000008af00000, 0x000000008b000000|  0%| F|  |TAMS 0x000000008af00000, 0x000000008af00000| Untracked 
| 176|0x000000008b000000, 0x000000008b000000, 0x000000008b100000|  0%| F|  |TAMS 0x000000008b000000, 0x000000008b000000| Untracked 
| 177|0x000000008b100000, 0x000000008b100000, 0x000000008b200000|  0%| F|  |TAMS 0x000000008b100000, 0x000000008b100000| Untracked 
| 178|0x000000008b200000, 0x000000008b200000, 0x000000008b300000|  0%| F|  |TAMS 0x000000008b200000, 0x000000008b200000| Untracked 
| 179|0x000000008b300000, 0x000000008b300000, 0x000000008b400000|  0%| F|  |TAMS 0x000000008b300000, 0x000000008b300000| Untracked 
| 180|0x000000008b400000, 0x000000008b400000, 0x000000008b500000|  0%| F|  |TAMS 0x000000008b400000, 0x000000008b400000| Untracked 
| 181|0x000000008b500000, 0x000000008b500000, 0x000000008b600000|  0%| F|  |TAMS 0x000000008b500000, 0x000000008b500000| Untracked 
| 182|0x000000008b600000, 0x000000008b600000, 0x000000008b700000|  0%| F|  |TAMS 0x000000008b600000, 0x000000008b600000| Untracked 
| 183|0x000000008b700000, 0x000000008b700000, 0x000000008b800000|  0%| F|  |TAMS 0x000000008b700000, 0x000000008b700000| Untracked 
| 184|0x000000008b800000, 0x000000008b800000, 0x000000008b900000|  0%| F|  |TAMS 0x000000008b800000, 0x000000008b800000| Untracked 
| 185|0x000000008b900000, 0x000000008b900000, 0x000000008ba00000|  0%| F|  |TAMS 0x000000008b900000, 0x000000008b900000| Untracked 
| 186|0x000000008ba00000, 0x000000008ba00000, 0x000000008bb00000|  0%| F|  |TAMS 0x000000008ba00000, 0x000000008ba00000| Untracked 
| 187|0x000000008bb00000, 0x000000008bb00000, 0x000000008bc00000|  0%| F|  |TAMS 0x000000008bb00000, 0x000000008bb00000| Untracked 
| 188|0x000000008bc00000, 0x000000008bc00000, 0x000000008bd00000|  0%| F|  |TAMS 0x000000008bc00000, 0x000000008bc00000| Untracked 
| 189|0x000000008bd00000, 0x000000008bd00000, 0x000000008be00000|  0%| F|  |TAMS 0x000000008bd00000, 0x000000008bd00000| Untracked 
| 190|0x000000008be00000, 0x000000008be00000, 0x000000008bf00000|  0%| F|  |TAMS 0x000000008be00000, 0x000000008be00000| Untracked 
| 191|0x000000008bf00000, 0x000000008bf00000, 0x000000008c000000|  0%| F|  |TAMS 0x000000008bf00000, 0x000000008bf00000| Untracked 
| 192|0x000000008c000000, 0x000000008c000000, 0x000000008c100000|  0%| F|  |TAMS 0x000000008c000000, 0x000000008c000000| Untracked 
| 193|0x000000008c100000, 0x000000008c100000, 0x000000008c200000|  0%| F|  |TAMS 0x000000008c100000, 0x000000008c100000| Untracked 
| 194|0x000000008c200000, 0x000000008c200000, 0x000000008c300000|  0%| F|  |TAMS 0x000000008c200000, 0x000000008c200000| Untracked 
| 195|0x000000008c300000, 0x000000008c300000, 0x000000008c400000|  0%| F|  |TAMS 0x000000008c300000, 0x000000008c300000| Untracked 
| 196|0x000000008c400000, 0x000000008c400000, 0x000000008c500000|  0%| F|  |TAMS 0x000000008c400000, 0x000000008c400000| Untracked 
| 197|0x000000008c500000, 0x000000008c500000, 0x000000008c600000|  0%| F|  |TAMS 0x000000008c500000, 0x000000008c500000| Untracked 
| 198|0x000000008c600000, 0x000000008c600000, 0x000000008c700000|  0%| F|  |TAMS 0x000000008c600000, 0x000000008c600000| Untracked 
| 199|0x000000008c700000, 0x000000008c700000, 0x000000008c800000|  0%| F|  |TAMS 0x000000008c700000, 0x000000008c700000| Untracked 
| 200|0x000000008c800000, 0x000000008c800000, 0x000000008c900000|  0%| F|  |TAMS 0x000000008c800000, 0x000000008c800000| Untracked 
| 201|0x000000008c900000, 0x000000008c900000, 0x000000008ca00000|  0%| F|  |TAMS 0x000000008c900000, 0x000000008c900000| Untracked 
| 202|0x000000008ca00000, 0x000000008ca00000, 0x000000008cb00000|  0%| F|  |TAMS 0x000000008ca00000, 0x000000008ca00000| Untracked 
| 203|0x000000008cb00000, 0x000000008cb00000, 0x000000008cc00000|  0%| F|  |TAMS 0x000000008cb00000, 0x000000008cb00000| Untracked 
| 204|0x000000008cc00000, 0x000000008cc00000, 0x000000008cd00000|  0%| F|  |TAMS 0x000000008cc00000, 0x000000008cc00000| Untracked 
| 205|0x000000008cd00000, 0x000000008cd00000, 0x000000008ce00000|  0%| F|  |TAMS 0x000000008cd00000, 0x000000008cd00000| Untracked 
| 206|0x000000008ce00000, 0x000000008ce00000, 0x000000008cf00000|  0%| F|  |TAMS 0x000000008ce00000, 0x000000008ce00000| Untracked 
| 207|0x000000008cf00000, 0x000000008cf00000, 0x000000008d000000|  0%| F|  |TAMS 0x000000008cf00000, 0x000000008cf00000| Untracked 
| 208|0x000000008d000000, 0x000000008d000000, 0x000000008d100000|  0%| F|  |TAMS 0x000000008d000000, 0x000000008d000000| Untracked 
| 209|0x000000008d100000, 0x000000008d100000, 0x000000008d200000|  0%| F|  |TAMS 0x000000008d100000, 0x000000008d100000| Untracked 
| 210|0x000000008d200000, 0x000000008d200000, 0x000000008d300000|  0%| F|  |TAMS 0x000000008d200000, 0x000000008d200000| Untracked 
| 211|0x000000008d300000, 0x000000008d300000, 0x000000008d400000|  0%| F|  |TAMS 0x000000008d300000, 0x000000008d300000| Untracked 
| 212|0x000000008d400000, 0x000000008d400000, 0x000000008d500000|  0%| F|  |TAMS 0x000000008d400000, 0x000000008d400000| Untracked 
| 213|0x000000008d500000, 0x000000008d500000, 0x000000008d600000|  0%| F|  |TAMS 0x000000008d500000, 0x000000008d500000| Untracked 
| 214|0x000000008d600000, 0x000000008d600000, 0x000000008d700000|  0%| F|  |TAMS 0x000000008d600000, 0x000000008d600000| Untracked 
| 215|0x000000008d700000, 0x000000008d700000, 0x000000008d800000|  0%| F|  |TAMS 0x000000008d700000, 0x000000008d700000| Untracked 
| 216|0x000000008d800000, 0x000000008d800000, 0x000000008d900000|  0%| F|  |TAMS 0x000000008d800000, 0x000000008d800000| Untracked 
| 217|0x000000008d900000, 0x000000008d900000, 0x000000008da00000|  0%| F|  |TAMS 0x000000008d900000, 0x000000008d900000| Untracked 
| 218|0x000000008da00000, 0x000000008da00000, 0x000000008db00000|  0%| F|  |TAMS 0x000000008da00000, 0x000000008da00000| Untracked 
| 219|0x000000008db00000, 0x000000008dbefcb0, 0x000000008dc00000| 93%| S|CS|TAMS 0x000000008db00000, 0x000000008db00000| Complete 
| 220|0x000000008dc00000, 0x000000008dd00000, 0x000000008dd00000|100%| S|CS|TAMS 0x000000008dc00000, 0x000000008dc00000| Complete 
| 221|0x000000008dd00000, 0x000000008dd00000, 0x000000008de00000|  0%| F|  |TAMS 0x000000008dd00000, 0x000000008dd00000| Untracked 
| 222|0x000000008de00000, 0x000000008de00000, 0x000000008df00000|  0%| F|  |TAMS 0x000000008de00000, 0x000000008de00000| Untracked 
| 223|0x000000008df00000, 0x000000008df00000, 0x000000008e000000|  0%| F|  |TAMS 0x000000008df00000, 0x000000008df00000| Untracked 
| 224|0x000000008e000000, 0x000000008e000000, 0x000000008e100000|  0%| F|  |TAMS 0x000000008e000000, 0x000000008e000000| Untracked 
| 225|0x000000008e100000, 0x000000008e100000, 0x000000008e200000|  0%| F|  |TAMS 0x000000008e100000, 0x000000008e100000| Untracked 
| 226|0x000000008e200000, 0x000000008e200000, 0x000000008e300000|  0%| F|  |TAMS 0x000000008e200000, 0x000000008e200000| Untracked 

Card table byte_map: [0x0000026fdd020000,0x0000026fdd420000] _byte_map_base: 0x0000026fdcc20000

Marking Bits (Prev, Next): (CMBitMap*) 0x0000026fc8575af0, (CMBitMap*) 0x0000026fc8575ab0
 Prev Bits: [0x0000026fdf820000, 0x0000026fe1820000)
 Next Bits: [0x0000026fdd820000, 0x0000026fdf820000)

Polling page: 0x0000026fc85e0000

Metaspace:

Usage:
  Non-class:    107.13 MB used.
      Class:     15.89 MB used.
       Both:    123.03 MB used.

Virtual space:
  Non-class space:      112.00 MB reserved,     107.56 MB ( 96%) committed,  14 nodes.
      Class space:        1.00 GB reserved,      16.19 MB (  2%) committed,  1 nodes.
             Both:        1.11 GB reserved,     123.75 MB ( 11%) committed. 

Chunk freelists:
   Non-Class:  509.00 KB
       Class:  3.70 MB
        Both:  4.20 MB

MaxMetaspaceSize: unlimited
CompressedClassSpaceSize: 1.00 GB
Initial GC threshold: 21.00 MB
Current GC threshold: 190.25 MB
CDS: off
MetaspaceReclaimPolicy: balanced
 - commit_granule_bytes: 65536.
 - commit_granule_words: 8192.
 - virtual_space_node_default_size: 1048576.
 - enlarge_chunks_in_place: 1.
 - new_chunks_are_fully_committed: 0.
 - uncommit_free_chunks: 1.
 - use_allocation_guard: 0.
 - handle_deallocations: 1.


Internal statistics:

num_allocs_failed_limit: 3.
num_arena_births: 898.
num_arena_deaths: 0.
num_vsnodes_births: 15.
num_vsnodes_deaths: 0.
num_space_committed: 1978.
num_space_uncommitted: 0.
num_chunks_returned_to_freelist: 3.
num_chunks_taken_from_freelist: 5077.
num_chunk_merges: 3.
num_chunk_splits: 3877.
num_chunks_enlarged: 3136.
num_purges: 0.
num_inconsistent_stats: 0.

CodeHeap 'non-profiled nmethods': size=120000Kb used=5281Kb max_used=5281Kb free=114718Kb
 bounds [0x0000026fd4c80000, 0x0000026fd51b0000, 0x0000026fdc1b0000]
CodeHeap 'profiled nmethods': size=120000Kb used=21006Kb max_used=21006Kb free=98993Kb
 bounds [0x0000026fcd1b0000, 0x0000026fce640000, 0x0000026fd46e0000]
CodeHeap 'non-nmethods': size=5760Kb used=2518Kb max_used=2598Kb free=3241Kb
 bounds [0x0000026fd46e0000, 0x0000026fd4970000, 0x0000026fd4c80000]
 total_blobs=11087 nmethods=10007 adapters=990
 compilation: enabled
              stopped_count=0, restarted_count=0
 full_count=0

Compilation events (20 events):
Event: 40.413 Thread 0x0000026fe4c47590 11406       2       sun.security.util.DerValue::getOID (76 bytes)
Event: 40.413 Thread 0x0000026fe4c47590 nmethod 11406 0x0000026fce630510 code [0x0000026fce630720, 0x0000026fce630af8]
Event: 40.413 Thread 0x0000026fe4c47590 11407       2       sun.security.util.ObjectIdentifier::<init> (39 bytes)
Event: 40.413 Thread 0x0000026fe4c47590 nmethod 11407 0x0000026fce630d10 code [0x0000026fce630ec0, 0x0000026fce6310d8]
Event: 40.414 Thread 0x0000026fe4c47590 11408       2       sun.security.provider.DigestBase::engineReset (33 bytes)
Event: 40.414 Thread 0x0000026fe4c47590 nmethod 11408 0x0000026fce631210 code [0x0000026fce6313c0, 0x0000026fce631578]
Event: 40.435 Thread 0x0000026fe4c47590 11409       2       java.math.MutableBigInteger::add (346 bytes)
Event: 40.435 Thread 0x0000026fe4c47590 nmethod 11409 0x0000026fce631610 code [0x0000026fce631800, 0x0000026fce631f88]
Event: 40.439 Thread 0x0000026fe4c47590 11410       2       java.math.BigInteger::multiplyToLen (20 bytes)
Event: 40.439 Thread 0x0000026fe4c3abc0 nmethod 11196 0x0000026fd5197810 code [0x0000026fd51980a0, 0x0000026fd51a2b48]
Event: 40.440 Thread 0x0000026fe4c47590 nmethod 11410 0x0000026fce632310 code [0x0000026fce632500, 0x0000026fce632948]
Event: 40.440 Thread 0x0000026fe4c47590 11411       2       java.math.BigInteger::montgomeryMultiply (54 bytes)
Event: 40.440 Thread 0x0000026fe4c3abc0 11340       4       java.util.Arrays::hashCode (44 bytes)
Event: 40.440 Thread 0x0000026fe4c47590 nmethod 11411 0x0000026fce632c10 code [0x0000026fce632de0, 0x0000026fce6330b8]
Event: 40.440 Thread 0x0000026fe4c47590 11412       2       java.math.BigInteger::implMontgomeryMultiply (22 bytes)
Event: 40.440 Thread 0x0000026fe4c47590 nmethod 11412 0x0000026fce633290 code [0x0000026fce633440, 0x0000026fce633598]
Event: 40.441 Thread 0x0000026fe4c47590 11413       2       sun.security.util.ObjectIdentifier::hashCode (8 bytes)
Event: 40.441 Thread 0x0000026fe4c47590 nmethod 11413 0x0000026fce633690 code [0x0000026fce633820, 0x0000026fce633948]
Event: 40.443 Thread 0x0000026fe4c3abc0 nmethod 11340 0x0000026fd51a8010 code [0x0000026fd51a8180, 0x0000026fd51a8398]
Event: 40.443 Thread 0x0000026fe4c3abc0 11316       4       java.util.jar.Manifest$FastInputStream::readLine (296 bytes)

GC Heap History (20 events):
Event: 25.341 GC heap after
{Heap after GC invocations=44 (full 0):
 garbage-first heap   total 232448K, used 105802K [0x0000000080000000, 0x0000000100000000)
  region size 1024K, 7 young (7168K), 7 survivors (7168K)
 Metaspace       used 86684K, committed 87360K, reserved 1130496K
  class space    used 11465K, committed 11776K, reserved 1048576K
}
Event: 25.415 GC heap before
{Heap before GC invocations=44 (full 0):
 garbage-first heap   total 232448K, used 109898K [0x0000000080000000, 0x0000000100000000)
  region size 1024K, 11 young (11264K), 7 survivors (7168K)
 Metaspace       used 86946K, committed 87552K, reserved 1130496K
  class space    used 11486K, committed 11776K, reserved 1048576K
}
Event: 25.420 GC heap after
{Heap after GC invocations=45 (full 0):
 garbage-first heap   total 232448K, used 104850K [0x0000000080000000, 0x0000000100000000)
  region size 1024K, 1 young (1024K), 1 survivors (1024K)
 Metaspace       used 86946K, committed 87552K, reserved 1130496K
  class space    used 11486K, committed 11776K, reserved 1048576K
}
Event: 27.153 GC heap before
{Heap before GC invocations=45 (full 0):
 garbage-first heap   total 232448K, used 183698K [0x0000000080000000, 0x0000000100000000)
  region size 1024K, 78 young (79872K), 1 survivors (1024K)
 Metaspace       used 93520K, committed 94144K, reserved 1138688K
  class space    used 12237K, committed 12544K, reserved 1048576K
}
Event: 27.160 GC heap after
{Heap after GC invocations=46 (full 0):
 garbage-first heap   total 232448K, used 110017K [0x0000000080000000, 0x0000000100000000)
  region size 1024K, 6 young (6144K), 6 survivors (6144K)
 Metaspace       used 93520K, committed 94144K, reserved 1138688K
  class space    used 12237K, committed 12544K, reserved 1048576K
}
Event: 29.061 GC heap before
{Heap before GC invocations=47 (full 0):
 garbage-first heap   total 232448K, used 185793K [0x0000000080000000, 0x0000000100000000)
  region size 1024K, 80 young (81920K), 6 survivors (6144K)
 Metaspace       used 104260K, committed 104896K, reserved 1146880K
  class space    used 13485K, committed 13760K, reserved 1048576K
}
Event: 29.068 GC heap after
{Heap after GC invocations=48 (full 0):
 garbage-first heap   total 232448K, used 114273K [0x0000000080000000, 0x0000000100000000)
  region size 1024K, 5 young (5120K), 5 survivors (5120K)
 Metaspace       used 104260K, committed 104896K, reserved 1146880K
  class space    used 13485K, committed 13760K, reserved 1048576K
}
Event: 29.145 GC heap before
{Heap before GC invocations=48 (full 0):
 garbage-first heap   total 232448K, used 119393K [0x0000000080000000, 0x0000000100000000)
  region size 1024K, 11 young (11264K), 5 survivors (5120K)
 Metaspace       used 105350K, committed 105984K, reserved 1146880K
  class space    used 13599K, committed 13888K, reserved 1048576K
}
Event: 29.148 GC heap after
{Heap after GC invocations=49 (full 0):
 garbage-first heap   total 232448K, used 114173K [0x0000000080000000, 0x0000000100000000)
  region size 1024K, 1 young (1024K), 1 survivors (1024K)
 Metaspace       used 105350K, committed 105984K, reserved 1146880K
  class space    used 13599K, committed 13888K, reserved 1048576K
}
Event: 30.282 GC heap before
{Heap before GC invocations=49 (full 0):
 garbage-first heap   total 232448K, used 190973K [0x0000000080000000, 0x0000000100000000)
  region size 1024K, 75 young (76800K), 1 survivors (1024K)
 Metaspace       used 109024K, committed 109632K, reserved 1146880K
  class space    used 14001K, committed 14272K, reserved 1048576K
}
Event: 30.289 GC heap after
{Heap after GC invocations=50 (full 0):
 garbage-first heap   total 232448K, used 119976K [0x0000000080000000, 0x0000000100000000)
  region size 1024K, 7 young (7168K), 7 survivors (7168K)
 Metaspace       used 109024K, committed 109632K, reserved 1146880K
  class space    used 14001K, committed 14272K, reserved 1048576K
}
Event: 32.436 GC heap before
{Heap before GC invocations=50 (full 0):
 garbage-first heap   total 232448K, used 189608K [0x0000000080000000, 0x0000000100000000)
  region size 1024K, 76 young (77824K), 7 survivors (7168K)
 Metaspace       used 113375K, committed 114048K, reserved 1155072K
  class space    used 14623K, committed 14912K, reserved 1048576K
}
Event: 32.441 GC heap after
{Heap after GC invocations=51 (full 0):
 garbage-first heap   total 232448K, used 116606K [0x0000000080000000, 0x0000000100000000)
  region size 1024K, 3 young (3072K), 3 survivors (3072K)
 Metaspace       used 113375K, committed 114048K, reserved 1155072K
  class space    used 14623K, committed 14912K, reserved 1048576K
}
Event: 38.020 GC heap before
{Heap before GC invocations=51 (full 0):
 garbage-first heap   total 232448K, used 173950K [0x0000000080000000, 0x0000000100000000)
  region size 1024K, 61 young (62464K), 3 survivors (3072K)
 Metaspace       used 116137K, committed 116864K, reserved 1155072K
  class space    used 14990K, committed 15296K, reserved 1048576K
}
Event: 38.026 GC heap after
{Heap after GC invocations=52 (full 0):
 garbage-first heap   total 232448K, used 120032K [0x0000000080000000, 0x0000000100000000)
  region size 1024K, 6 young (6144K), 6 survivors (6144K)
 Metaspace       used 116137K, committed 116864K, reserved 1155072K
  class space    used 14990K, committed 15296K, reserved 1048576K
}
Event: 40.280 GC heap before
{Heap before GC invocations=53 (full 0):
 garbage-first heap   total 232448K, used 202976K [0x0000000080000000, 0x0000000100000000)
  region size 1024K, 77 young (78848K), 6 survivors (6144K)
 Metaspace       used 125972K, committed 126720K, reserved 1163264K
  class space    used 16274K, committed 16576K, reserved 1048576K
}
Event: 40.322 GC heap after
{Heap after GC invocations=54 (full 0):
 garbage-first heap   total 232448K, used 141124K [0x0000000080000000, 0x0000000100000000)
  region size 1024K, 10 young (10240K), 10 survivors (10240K)
 Metaspace       used 125972K, committed 126720K, reserved 1163264K
  class space    used 16274K, committed 16576K, reserved 1048576K
}
Event: 40.383 GC heap before
{Heap before GC invocations=54 (full 0):
 garbage-first heap   total 232448K, used 145220K [0x0000000080000000, 0x0000000100000000)
  region size 1024K, 11 young (11264K), 10 survivors (10240K)
 Metaspace       used 125972K, committed 126720K, reserved 1163264K
  class space    used 16274K, committed 16576K, reserved 1048576K
}
Event: 40.396 GC heap after
{Heap after GC invocations=55 (full 0):
 garbage-first heap   total 232448K, used 140920K [0x0000000080000000, 0x0000000100000000)
  region size 1024K, 1 young (1024K), 1 survivors (1024K)
 Metaspace       used 125972K, committed 126720K, reserved 1163264K
  class space    used 16274K, committed 16576K, reserved 1048576K
}
Event: 40.445 GC heap before
{Heap before GC invocations=55 (full 0):
 garbage-first heap   total 232448K, used 145016K [0x0000000080000000, 0x0000000100000000)
  region size 1024K, 6 young (6144K), 1 survivors (1024K)
 Metaspace       used 125977K, committed 126720K, reserved 1163264K
  class space    used 16274K, committed 16576K, reserved 1048576K
}

Dll operation events (2 events):
Event: 0.023 Loaded shared library D:\Android\jbr\bin\java.dll
Event: 0.561 Loaded shared library D:\Android\jbr\bin\verify.dll

Deoptimization events (20 events):
Event: 40.432 Thread 0x0000026fe75c7c80 DEOPT PACKING pc=0x0000026fcd4c103a sp=0x000000ca4cef1d00
Event: 40.432 Thread 0x0000026fe75c7c80 DEOPT UNPACKING pc=0x0000026fd4737143 sp=0x000000ca4cef1178 mode 0
Event: 40.433 Thread 0x0000026fe75c7c80 DEOPT PACKING pc=0x0000026fcd4c103a sp=0x000000ca4cef1d00
Event: 40.433 Thread 0x0000026fe75c7c80 DEOPT UNPACKING pc=0x0000026fd4737143 sp=0x000000ca4cef1178 mode 0
Event: 40.433 Thread 0x0000026fe75c7c80 DEOPT PACKING pc=0x0000026fcd4c1182 sp=0x000000ca4cef1d00
Event: 40.433 Thread 0x0000026fe75c7c80 DEOPT UNPACKING pc=0x0000026fd4737143 sp=0x000000ca4cef1178 mode 0
Event: 40.433 Thread 0x0000026fe75c7c80 DEOPT PACKING pc=0x0000026fcd4c103a sp=0x000000ca4cef1d00
Event: 40.433 Thread 0x0000026fe75c7c80 DEOPT UNPACKING pc=0x0000026fd4737143 sp=0x000000ca4cef1178 mode 0
Event: 40.433 Thread 0x0000026fe75c7c80 DEOPT PACKING pc=0x0000026fcd4c103a sp=0x000000ca4cef1d00
Event: 40.433 Thread 0x0000026fe75c7c80 DEOPT UNPACKING pc=0x0000026fd4737143 sp=0x000000ca4cef1178 mode 0
Event: 40.433 Thread 0x0000026fe75c7c80 DEOPT PACKING pc=0x0000026fcd4c103a sp=0x000000ca4cef1d00
Event: 40.433 Thread 0x0000026fe75c7c80 DEOPT UNPACKING pc=0x0000026fd4737143 sp=0x000000ca4cef1178 mode 0
Event: 40.433 Thread 0x0000026fe75c7c80 DEOPT PACKING pc=0x0000026fcd4c103a sp=0x000000ca4cef1d00
Event: 40.433 Thread 0x0000026fe75c7c80 DEOPT UNPACKING pc=0x0000026fd4737143 sp=0x000000ca4cef1178 mode 0
Event: 40.434 Thread 0x0000026fe75c7c80 DEOPT PACKING pc=0x0000026fcd4c1182 sp=0x000000ca4cef1d00
Event: 40.434 Thread 0x0000026fe75c7c80 DEOPT UNPACKING pc=0x0000026fd4737143 sp=0x000000ca4cef1178 mode 0
Event: 40.434 Thread 0x0000026fe75c7c80 DEOPT PACKING pc=0x0000026fcd4c103a sp=0x000000ca4cef1d00
Event: 40.434 Thread 0x0000026fe75c7c80 DEOPT UNPACKING pc=0x0000026fd4737143 sp=0x000000ca4cef1178 mode 0
Event: 40.434 Thread 0x0000026fe75c7c80 DEOPT PACKING pc=0x0000026fcd4c103a sp=0x000000ca4cef1d00
Event: 40.434 Thread 0x0000026fe75c7c80 DEOPT UNPACKING pc=0x0000026fd4737143 sp=0x000000ca4cef1178 mode 0

Classes unloaded (0 events):
No events

Classes redefined (0 events):
No events

Internal exceptions (20 events):
Event: 31.313 Thread 0x0000026fe75c7c80 Exception <a 'java/lang/ClassNotFoundException'{0x000000008b225ec8}: org/jetbrains/plugins/gradle/model/scala/ScalaModelBeanInfo> (0x000000008b225ec8) 
thrown [s\src\hotspot\share\classfile\systemDictionary.cpp, line 256]
Event: 31.314 Thread 0x0000026fe75c7c80 Exception <a 'java/lang/ClassNotFoundException'{0x000000008b22e1a0}: org/jetbrains/plugins/gradle/model/scala/ScalaModelCustomizer> (0x000000008b22e1a0) 
thrown [s\src\hotspot\share\classfile\systemDictionary.cpp, line 256]
Event: 31.327 Thread 0x0000026fe75c7c80 Exception <a 'java/lang/ClassNotFoundException'{0x000000008b25e8c0}: org/jetbrains/plugins/gradle/model/DependencyAccessorsModelBeanInfo> (0x000000008b25e8c0) 
thrown [s\src\hotspot\share\classfile\systemDictionary.cpp, line 256]
Event: 31.327 Thread 0x0000026fe75c7c80 Exception <a 'java/lang/ClassNotFoundException'{0x000000008b266c40}: org/jetbrains/plugins/gradle/model/DependencyAccessorsModelCustomizer> (0x000000008b266c40) 
thrown [s\src\hotspot\share\classfile\systemDictionary.cpp, line 256]
Event: 31.782 Thread 0x0000026fe75c7c80 Exception <a 'java/lang/ClassNotFoundException'{0x000000008abc2aa0}: org/gradle/api/internal/project/DefaultProject_DecoratedBeanInfo> (0x000000008abc2aa0) 
thrown [s\src\hotspot\share\classfile\systemDictionary.cpp, line 256]
Event: 31.783 Thread 0x0000026fe75c7c80 Exception <a 'java/lang/ClassNotFoundException'{0x000000008abcf598}: org/gradle/api/internal/project/DefaultProjectBeanInfo> (0x000000008abcf598) 
thrown [s\src\hotspot\share\classfile\systemDictionary.cpp, line 256]
Event: 31.784 Thread 0x0000026fe75c7c80 Exception <a 'java/lang/ClassNotFoundException'{0x000000008abdc098}: org/gradle/api/internal/project/DefaultProjectCustomizer> (0x000000008abdc098) 
thrown [s\src\hotspot\share\classfile\systemDictionary.cpp, line 256]
Event: 31.800 Thread 0x0000026fe75c7c80 Exception <a 'java/lang/ClassNotFoundException'{0x000000008aa85920}: org/gradle/api/internal/project/DefaultProject_DecoratedCustomizer> (0x000000008aa85920) 
thrown [s\src\hotspot\share\classfile\systemDictionary.cpp, line 256]
Event: 32.489 Thread 0x0000026fe75c7c80 Exception <a 'java/lang/NoSuchMethodError'{0x000000008e136c20}: 'int java.lang.invoke.DirectMethodHandle$Holder.invokeStaticInit(java.lang.Object, java.lang.Object, java.lang.Object, java.lang.Object, java.lang.Object)'> (0x000000008e136c20) 
thrown [s\src\hotspot\share\interpreter\linkResolver.cpp, line 771]
Event: 33.083 Thread 0x0000026fe75c7c80 Exception <a 'java/lang/NoSuchMethodError'{0x000000008d753450}: 'java.lang.Object java.lang.invoke.DirectMethodHandle$Holder.newInvokeSpecial(java.lang.Object, java.lang.Object, java.lang.Object, java.lang.Object, java.lang.Object, int)'> (0x000000008d753450) 
thrown [s\src\hotspot\share\interpreter\linkResolver.cpp, line 771]
Event: 33.084 Thread 0x0000026fe75c7c80 Exception <a 'java/lang/NoSuchMethodError'{0x000000008d758860}: 'java.lang.Object java.lang.invoke.DirectMethodHandle$Holder.invokeSpecial(java.lang.Object, java.lang.Object, java.lang.Object, java.lang.Object, java.lang.Object, java.lang.Object, int)'> (0x000000008d758860) 
thrown [s\src\hotspot\share\interpreter\linkResolver.cpp, line 771]
Event: 33.098 Thread 0x0000026fe75c7c80 Exception <a 'java/lang/NoSuchMethodError'{0x000000008d7f5af0}: 'void java.lang.invoke.DirectMethodHandle$Holder.invokeStatic(java.lang.Object, java.lang.Object, java.lang.Object, int, java.lang.Object)'> (0x000000008d7f5af0) 
thrown [s\src\hotspot\share\interpreter\linkResolver.cpp, line 771]
Event: 36.785 Thread 0x0000026fe75c7c80 Implicit null exception at 0x0000026fd4f0d1ef to 0x0000026fd4f0d45c
Event: 37.894 Thread 0x0000026fe74dc450 Exception <a 'sun/nio/fs/WindowsException'{0x000000008b25fcf0}> (0x000000008b25fcf0) 
thrown [s\src\hotspot\share\prims\jni.cpp, line 517]
Event: 37.950 Thread 0x0000026fe74dc450 Exception <a 'sun/nio/fs/WindowsException'{0x000000008aaee100}> (0x000000008aaee100) 
thrown [s\src\hotspot\share\prims\jni.cpp, line 517]
Event: 37.950 Thread 0x0000026fe74dc450 Exception <a 'sun/nio/fs/WindowsException'{0x000000008aaee288}> (0x000000008aaee288) 
thrown [s\src\hotspot\share\prims\jni.cpp, line 517]
Event: 37.971 Thread 0x0000026fe75c7c80 Implicit null exception at 0x0000026fd4fec492 to 0x0000026fd4fecbb4
Event: 39.197 Thread 0x0000026fe75c7c80 Exception <a 'java/lang/NoSuchMethodError'{0x000000008c280078}: 'int java.lang.invoke.DirectMethodHandle$Holder.invokeInterface(java.lang.Object, java.lang.Object, java.lang.Object, java.lang.Object)'> (0x000000008c280078) 
thrown [s\src\hotspot\share\interpreter\linkResolver.cpp, line 771]
Event: 39.845 Thread 0x0000026fe75c7c80 Exception <a 'java/lang/IncompatibleClassChangeError'{0x000000008ab5e920}: Found class java.lang.Object, but interface was expected> (0x000000008ab5e920) 
thrown [s\src\hotspot\share\interpreter\linkResolver.cpp, line 838]
Event: 39.922 Thread 0x0000026fe75c7c80 Implicit null exception at 0x0000026fd4ef3ee0 to 0x0000026fd4ef408c

VM Operations (20 events):
Event: 37.865 Executing VM operation: ICBufferFull done
Event: 38.020 Executing VM operation: G1TryInitiateConcMark
Event: 38.026 Executing VM operation: G1TryInitiateConcMark done
Event: 38.225 Executing VM operation: G1Concurrent
Event: 38.255 Executing VM operation: G1Concurrent done
Event: 38.287 Executing VM operation: G1Concurrent
Event: 38.287 Executing VM operation: G1Concurrent done
Event: 39.164 Executing VM operation: HandshakeAllThreads
Event: 39.164 Executing VM operation: HandshakeAllThreads done
Event: 39.195 Executing VM operation: HandshakeAllThreads
Event: 39.195 Executing VM operation: HandshakeAllThreads done
Event: 39.767 Executing VM operation: ICBufferFull
Event: 39.767 Executing VM operation: ICBufferFull done
Event: 40.080 Executing VM operation: HandshakeAllThreads
Event: 40.080 Executing VM operation: HandshakeAllThreads done
Event: 40.280 Executing VM operation: G1CollectForAllocation
Event: 40.323 Executing VM operation: G1CollectForAllocation done
Event: 40.383 Executing VM operation: G1CollectForAllocation
Event: 40.396 Executing VM operation: G1CollectForAllocation done
Event: 40.445 Executing VM operation: G1TryInitiateConcMark

Events (20 events):
Event: 40.197 loading class java/security/cert/CertPathValidatorException$BasicReason
Event: 40.197 loading class java/security/cert/CertPathValidatorException$Reason
Event: 40.197 loading class java/security/cert/CertPathValidatorException$Reason done
Event: 40.197 loading class java/security/cert/CertPathValidatorException$BasicReason done
Event: 40.197 loading class java/security/SignatureException
Event: 40.197 loading class java/security/SignatureException done
Event: 40.207 loading class sun/security/rsa/RSASignature$SHA256withRSA
Event: 40.207 loading class sun/security/rsa/RSASignature$SHA256withRSA done
Event: 40.209 loading class sun/security/provider/DSA$SHA256withDSA
Event: 40.209 loading class sun/security/provider/DSA$SHA256withDSA done
Event: 40.251 loading class java/util/Base64
Event: 40.253 loading class java/util/Base64 done
Event: 40.253 loading class java/util/Base64$Decoder
Event: 40.253 loading class java/util/Base64$Decoder done
Event: 40.253 loading class java/util/Base64$Encoder
Event: 40.254 loading class java/util/Base64$Encoder done
Event: 40.255 loading class java/util/jar/JarVerifier$VerifierStream
Event: 40.256 loading class java/util/jar/JarVerifier$VerifierStream done
Event: 40.256 loading class sun/security/util/ManifestEntryVerifier$SunProviderHolder
Event: 40.256 loading class sun/security/util/ManifestEntryVerifier$SunProviderHolder done


Dynamic libraries:
0x00007ff6d1e00000 - 0x00007ff6d1e0a000 	D:\Android\jbr\bin\java.exe
0x00007fffb2bd0000 - 0x00007fffb2de7000 	C:\WINDOWS\SYSTEM32\ntdll.dll
0x00007fffb0cb0000 - 0x00007fffb0d74000 	C:\WINDOWS\System32\KERNEL32.DLL
0x00007fffb0390000 - 0x00007fffb0736000 	C:\WINDOWS\System32\KERNELBASE.dll
0x00007fffb0270000 - 0x00007fffb0381000 	C:\WINDOWS\System32\ucrtbase.dll
0x00007fff96c30000 - 0x00007fff96c47000 	D:\Android\jbr\bin\jli.dll
0x00007fffb29a0000 - 0x00007fffb2b4d000 	C:\WINDOWS\System32\USER32.dll
0x00007fffb0240000 - 0x00007fffb0266000 	C:\WINDOWS\System32\win32u.dll
0x00007fffb0f50000 - 0x00007fffb0f79000 	C:\WINDOWS\System32\GDI32.dll
0x00007fff93080000 - 0x00007fff9309b000 	D:\Android\jbr\bin\VCRUNTIME140.dll
0x00007fffb0120000 - 0x00007fffb0238000 	C:\WINDOWS\System32\gdi32full.dll
0x00007fff958d0000 - 0x00007fff95b63000 	C:\WINDOWS\WinSxS\amd64_microsoft.windows.common-controls_6595b64144ccf1df_6.0.22621.2361_none_2712ced57382f843\COMCTL32.dll
0x00007fffaff50000 - 0x00007fffaffea000 	C:\WINDOWS\System32\msvcp_win.dll
0x00007fffb1780000 - 0x00007fffb1827000 	C:\WINDOWS\System32\msvcrt.dll
0x00007fffb2b50000 - 0x00007fffb2b81000 	C:\WINDOWS\System32\IMM32.DLL
0x00007fff97b40000 - 0x00007fff97b4c000 	D:\Android\jbr\bin\vcruntime140_1.dll
0x00007fff6e730000 - 0x00007fff6e7bd000 	D:\Android\jbr\bin\msvcp140.dll
0x00007fff0db90000 - 0x00007fff0e7fe000 	D:\Android\jbr\bin\server\jvm.dll
0x00007fffb0e30000 - 0x00007fffb0ee0000 	C:\WINDOWS\System32\ADVAPI32.dll
0x00007fffb0d80000 - 0x00007fffb0e26000 	C:\WINDOWS\System32\sechost.dll
0x00007fffb1840000 - 0x00007fffb1957000 	C:\WINDOWS\System32\RPCRT4.dll
0x00007fff96330000 - 0x00007fff9633a000 	C:\WINDOWS\SYSTEM32\VERSION.dll
0x00007fffaafa0000 - 0x00007fffaafa9000 	C:\WINDOWS\SYSTEM32\WSOCK32.dll
0x00007fffb1a70000 - 0x00007fffb1ae1000 	C:\WINDOWS\System32\WS2_32.dll
0x00007fffadd10000 - 0x00007fffadd44000 	C:\WINDOWS\SYSTEM32\WINMM.dll
0x00007fffaef30000 - 0x00007fffaef48000 	C:\WINDOWS\SYSTEM32\kernel.appcore.dll
0x00007fffa90a0000 - 0x00007fffa90aa000 	D:\Android\jbr\bin\jimage.dll
0x00007fffad760000 - 0x00007fffad98e000 	C:\WINDOWS\SYSTEM32\DBGHELP.DLL
0x00007fffb1db0000 - 0x00007fffb213a000 	C:\WINDOWS\System32\combase.dll
0x00007fffb15d0000 - 0x00007fffb16a7000 	C:\WINDOWS\System32\OLEAUT32.dll
0x00007fff943b0000 - 0x00007fff943e2000 	C:\WINDOWS\SYSTEM32\dbgcore.DLL
0x00007fffb0740000 - 0x00007fffb07ba000 	C:\WINDOWS\System32\bcryptPrimitives.dll
0x00007fff97980000 - 0x00007fff979a5000 	D:\Android\jbr\bin\java.dll
0x00007fff97b70000 - 0x00007fff97b88000 	D:\Android\jbr\bin\zip.dll
0x00007fffb2140000 - 0x00007fffb2998000 	C:\WINDOWS\System32\SHELL32.dll
0x00007fffadeb0000 - 0x00007fffae7a2000 	C:\WINDOWS\SYSTEM32\windows.storage.dll
0x00007fffadd70000 - 0x00007fffadeae000 	C:\WINDOWS\SYSTEM32\wintypes.dll
0x00007fffb1cb0000 - 0x00007fffb1da3000 	C:\WINDOWS\System32\SHCORE.dll
0x00007fffb1960000 - 0x00007fffb19be000 	C:\WINDOWS\System32\shlwapi.dll
0x00007fffafe80000 - 0x00007fffafea6000 	C:\WINDOWS\SYSTEM32\profapi.dll
0x00007fff97910000 - 0x00007fff97929000 	D:\Android\jbr\bin\net.dll
0x00007fffa91b0000 - 0x00007fffa92e7000 	C:\WINDOWS\SYSTEM32\WINHTTP.dll
0x00007fffaf410000 - 0x00007fffaf479000 	C:\WINDOWS\system32\mswsock.dll
0x00007fff97820000 - 0x00007fff97836000 	D:\Android\jbr\bin\nio.dll
0x00007fff98760000 - 0x00007fff98770000 	D:\Android\jbr\bin\verify.dll
0x00007fff975f0000 - 0x00007fff97617000 	C:\Users\Alejandro\.gradle\native\68d5fa5c4cc2d200863cafc0d521ce42e7d3e7ee720ec0a83991735586a16f82\windows-amd64\native-platform.dll
0x00007fff6fff0000 - 0x00007fff70134000 	C:\Users\Alejandro\.gradle\native\e376f236ea51e6404a007f0833ffe2c6e607c4080706a723a18a27aeea778392\windows-amd64\native-platform-file-events.dll
0x00007fff98700000 - 0x00007fff98709000 	D:\Android\jbr\bin\management.dll
0x00007fff985b0000 - 0x00007fff985bb000 	D:\Android\jbr\bin\management_ext.dll
0x00007fffb1830000 - 0x00007fffb1838000 	C:\WINDOWS\System32\PSAPI.DLL
0x00007fffaf670000 - 0x00007fffaf68b000 	C:\WINDOWS\SYSTEM32\CRYPTSP.dll
0x00007fffaeef0000 - 0x00007fffaef25000 	C:\WINDOWS\system32\rsaenh.dll
0x00007fffaf500000 - 0x00007fffaf52c000 	C:\WINDOWS\SYSTEM32\USERENV.dll
0x00007fffaf820000 - 0x00007fffaf848000 	C:\WINDOWS\SYSTEM32\bcrypt.dll
0x00007fffaf660000 - 0x00007fffaf66c000 	C:\WINDOWS\SYSTEM32\CRYPTBASE.dll
0x00007fffaea10000 - 0x00007fffaea3d000 	C:\WINDOWS\SYSTEM32\IPHLPAPI.DLL
0x00007fffb15c0000 - 0x00007fffb15c9000 	C:\WINDOWS\System32\NSI.dll
0x00007fffaa0b0000 - 0x00007fffaa0c9000 	C:\WINDOWS\SYSTEM32\dhcpcsvc6.DLL
0x00007fffa8640000 - 0x00007fffa865f000 	C:\WINDOWS\SYSTEM32\dhcpcsvc.DLL
0x00007fffaea80000 - 0x00007fffaeb79000 	C:\WINDOWS\SYSTEM32\DNSAPI.dll
0x00007fff89840000 - 0x00007fff89848000 	C:\WINDOWS\system32\wshunix.dll

dbghelp: loaded successfully - version: 4.0.5 - missing functions: none
symbol engine: initialized successfully - sym options: 0x614 - pdb path: .;D:\Android\jbr\bin;C:\WINDOWS\SYSTEM32;C:\WINDOWS\WinSxS\amd64_microsoft.windows.common-controls_6595b64144ccf1df_6.0.22621.2361_none_2712ced57382f843;D:\Android\jbr\bin\server;C:\Users\Alejandro\.gradle\native\68d5fa5c4cc2d200863cafc0d521ce42e7d3e7ee720ec0a83991735586a16f82\windows-amd64;C:\Users\Alejandro\.gradle\native\e376f236ea51e6404a007f0833ffe2c6e607c4080706a723a18a27aeea778392\windows-amd64

VM Arguments:
jvm_args: --add-opens=java.base/java.util=ALL-UNNAMED --add-opens=java.base/java.lang=ALL-UNNAMED --add-opens=java.base/java.lang.invoke=ALL-UNNAMED --add-opens=java.prefs/java.util.prefs=ALL-UNNAMED --add-opens=java.base/java.nio.charset=ALL-UNNAMED --add-opens=java.base/java.net=ALL-UNNAMED --add-opens=java.base/java.util.concurrent.atomic=ALL-UNNAMED -Xmx2048m -Dfile.encoding=UTF-8 -Duser.country=ES -Duser.language=es -Duser.variant 
java_command: org.gradle.launcher.daemon.bootstrap.GradleDaemon 8.0
java_class_path (initial): C:\Users\Alejandro\.gradle\wrapper\dists\gradle-8.0-bin\ca5e32bp14vu59qr306oxotwh\gradle-8.0\lib\gradle-launcher-8.0.jar
Launcher Type: SUN_STANDARD

[Global flags]
     intx CICompilerCount                          = 4                                         {product} {ergonomic}
     uint ConcGCThreads                            = 2                                         {product} {ergonomic}
     uint G1ConcRefinementThreads                  = 8                                         {product} {ergonomic}
   size_t G1HeapRegionSize                         = 1048576                                   {product} {ergonomic}
    uintx GCDrainStackTargetSize                   = 64                                        {product} {ergonomic}
   size_t InitialHeapSize                          = 132120576                                 {product} {ergonomic}
   size_t MarkStackSize                            = 4194304                                   {product} {ergonomic}
   size_t MaxHeapSize                              = 2147483648                                {product} {command line}
   size_t MaxNewSize                               = 1287651328                                {product} {ergonomic}
   size_t MinHeapDeltaBytes                        = 1048576                                   {product} {ergonomic}
   size_t MinHeapSize                              = 8388608                                   {product} {ergonomic}
    uintx NonNMethodCodeHeapSize                   = 5839372                                {pd product} {ergonomic}
    uintx NonProfiledCodeHeapSize                  = 122909434                              {pd product} {ergonomic}
    uintx ProfiledCodeHeapSize                     = 122909434                              {pd product} {ergonomic}
    uintx ReservedCodeCacheSize                    = 251658240                              {pd product} {ergonomic}
     bool SegmentedCodeCache                       = true                                      {product} {ergonomic}
   size_t SoftMaxHeapSize                          = 2147483648                             {manageable} {ergonomic}
     bool UseCompressedClassPointers               = true                           {product lp64_product} {ergonomic}
     bool UseCompressedOops                        = true                           {product lp64_product} {ergonomic}
     bool UseG1GC                                  = true                                      {product} {ergonomic}
     bool UseLargePagesIndividualAllocation        = false                                  {pd product} {ergonomic}

Logging:
Log output configuration:
 #0: stdout all=warning uptime,level,tags
 #1: stderr all=off uptime,level,tags

Environment Variables:
PATH=C:\Program Files\Microsoft\jdk-11.0.16.101-hotspot\bin;C:\Windows\System32\HWAudioDriverLibs;C:\Program Files\Common Files\Oracle\Java\javapath;C:\Windows\system32;C:\Windows;C:\Windows\System32\Wbem;C:\Windows\System32\WindowsPowerShell\v1.0\;C:\Windows\System32\OpenSSH\;C:\Windows\system32\config\systemprofile\AppData\Local\Microsoft\WindowsApps;C:\Program Files\AutoFirma\AutoFirma;C:\WINDOWS\system32;C:\WINDOWS;C:\WINDOWS\System32\Wbem;C:\WINDOWS\System32\WindowsPowerShell\v1.0\;C:\WINDOWS\System32\OpenSSH\;C:\Program Files\Git\cmd;C:\Program Files\Calibre2\;D:\bin;C:\Program Files\dotnet\;D;C:\Program Files\MySQL\MySQL Shell 8.0\bin\;C:\Users\Alejandro\AppData\Local\Programs\Python\Python310\Scripts\;C:\Users\Alejandro\AppData\Local\Programs\Python\Python310\;C:\Users\Alejandro\AppData\Local\Microsoft\WindowsApps;;C:\Users\Alejandro\AppData\Local\Programs\Microsoft VS Code\bin;C:\Users\Alejandro\.dotnet\tools;C:\Users\Alejandro\AppData\Local\spicetify
USERNAME=Alejandro
OS=Windows_NT
PROCESSOR_IDENTIFIER=Intel64 Family 6 Model 142 Stepping 12, GenuineIntel
TMP=C:\Users\ALEJAN~1\AppData\Local\Temp
TEMP=C:\Users\ALEJAN~1\AppData\Local\Temp


JNI global refs:
JNI global refs: 24, weak refs: 6

JNI global refs memory usage: 843, weak refs: 841


---------------  S Y S T E M  ---------------

OS:
 Windows 11 , 64 bit Build 22621 (10.0.22621.2428)
OS uptime: 2 days 14:56 hours

CPU: total 8 (initial active 8) (4 cores per cpu, 2 threads per core) family 6 model 142 stepping 12 microcode 0xde, cx8, cmov, fxsr, ht, mmx, 3dnowpref, sse, sse2, sse3, ssse3, sse4.1, sse4.2, popcnt, lzcnt, tsc, tscinvbit, avx, avx2, aes, erms, clmul, bmi1, bmi2, adx, fma, vzeroupper, clflush, clflushopt

Memory: 4k page, system-wide physical 8025M (192M free)
TotalPageFile size 23350M (AvailPageFile size 105M)
current process WorkingSet (physical memory assigned to process): 361M, peak: 398M
current process commit charge ("private bytes"): 556M, peak: 728M

vm_info: OpenJDK 64-Bit Server VM (17.0.6+0-b2043.56-10027231) for windows-amd64 JRE (17.0.6+0-b2043.56-10027231), built on Apr 28 2023 00:43:19 by "androidbuild" with MS VC++ 16.10 / 16.11 (VS2019)

END.
